[3.734s] Invoking command in '/home/diyazen/hashika_ws/build/game': PYTHONPATH=/home/diyazen/hashika_ws/build/game/prefix_override:/home/diyazen/hashika_ws/install/game/lib/python3.10/site-packages:${PYTHONPATH} /usr/bin/python3 setup.py develop --editable --build-directory /home/diyazen/hashika_ws/build/game/build --no-deps install_data
[5.008s] running develop
[5.010s] /usr/lib/python3/dist-packages/setuptools/command/easy_install.py:158: EasyInstallDeprecationWarning: easy_install command is deprecated. Use build and pip and other standards-based tools.
[5.010s]   warnings.warn(
[5.015s] /usr/lib/python3/dist-packages/setuptools/command/install.py:34: SetuptoolsDeprecationWarning: setup.py install is deprecated. Use build and pip and other standards-based tools.
[5.016s]   warnings.warn(
[5.105s] /usr/lib/python3/dist-packages/pkg_resources/__init__.py:116: PkgResourcesDeprecationWarning: 0.4.1. is an invalid version and will not be supported in a future release
[5.105s]   warnings.warn(
[5.891s] running egg_info
[5.892s] writing game.egg-info/PKG-INFO
[5.893s] writing dependency_links to game.egg-info/dependency_links.txt
[5.894s] writing entry points to game.egg-info/entry_points.txt
[5.895s] writing requirements to game.egg-info/requires.txt
[5.896s] writing top-level names to game.egg-info/top_level.txt
[5.904s] reading manifest file 'game.egg-info/SOURCES.txt'
[5.907s] writing manifest file 'game.egg-info/SOURCES.txt'
[5.913s] running build_ext
[5.914s] Creating /home/diyazen/hashika_ws/install/game/lib/python3.10/site-packages/game.egg-link (link to .)
[5.918s] Installing aruco_detection script to /home/diyazen/hashika_ws/install/game/lib/game
[5.918s] Installing movements script to /home/diyazen/hashika_ws/install/game/lib/game
[5.920s] 
[5.920s] Installed /home/diyazen/hashika_ws/build/game
[5.921s] running install_data
[5.921s] copying launch/x.launch.xml -> /home/diyazen/hashika_ws/install/game/share/game/launch
[6.058s] Invoked command in '/home/diyazen/hashika_ws/build/game' returned '0': PYTHONPATH=/home/diyazen/hashika_ws/build/game/prefix_override:/home/diyazen/hashika_ws/install/game/lib/python3.10/site-packages:${PYTHONPATH} /usr/bin/python3 setup.py develop --editable --build-directory /home/diyazen/hashika_ws/build/game/build --no-deps install_data
