[3.699s] Invoking command in '/home/diyazen/hashika_ws/build/game': PYTHONPATH=/home/diyazen/hashika_ws/build/game/prefix_override:/home/diyazen/hashika_ws/install/game/lib/python3.10/site-packages:${PYTHONPATH} /usr/bin/python3 setup.py develop --editable --build-directory /home/diyazen/hashika_ws/build/game/build --no-deps install_data
[4.959s] running develop
[4.960s] /usr/lib/python3/dist-packages/setuptools/command/easy_install.py:158: EasyInstallDeprecationWarning: easy_install command is deprecated. Use build and pip and other standards-based tools.
[4.961s]   warnings.warn(
[4.966s] /usr/lib/python3/dist-packages/setuptools/command/install.py:34: SetuptoolsDeprecationWarning: setup.py install is deprecated. Use build and pip and other standards-based tools.
[4.966s]   warnings.warn(
[5.054s] /usr/lib/python3/dist-packages/pkg_resources/__init__.py:116: PkgResourcesDeprecationWarning: 0.4.1. is an invalid version and will not be supported in a future release
[5.054s]   warnings.warn(
[5.848s] running egg_info
[5.848s] writing game.egg-info/PKG-INFO
[5.850s] writing dependency_links to game.egg-info/dependency_links.txt
[5.850s] writing entry points to game.egg-info/entry_points.txt
[5.851s] writing requirements to game.egg-info/requires.txt
[5.852s] writing top-level names to game.egg-info/top_level.txt
[5.860s] reading manifest file 'game.egg-info/SOURCES.txt'
[5.863s] writing manifest file 'game.egg-info/SOURCES.txt'
[5.870s] running build_ext
[5.870s] Creating /home/diyazen/hashika_ws/install/game/lib/python3.10/site-packages/game.egg-link (link to .)
[5.874s] Installing aruco_detection script to /home/diyazen/hashika_ws/install/game/lib/game
[5.875s] Installing movements script to /home/diyazen/hashika_ws/install/game/lib/game
[5.876s] 
[5.877s] Installed /home/diyazen/hashika_ws/build/game
[5.877s] running install_data
[6.013s] Invoked command in '/home/diyazen/hashika_ws/build/game' returned '0': PYTHONPATH=/home/diyazen/hashika_ws/build/game/prefix_override:/home/diyazen/hashika_ws/install/game/lib/python3.10/site-packages:${PYTHONPATH} /usr/bin/python3 setup.py develop --editable --build-directory /home/diyazen/hashika_ws/build/game/build --no-deps install_data
