[3.746s] Invoking command in '/home/diyazen/hashika_ws/build/game': PYTHONPATH=/home/diyazen/hashika_ws/build/game/prefix_override:/home/diyazen/hashika_ws/install/game/lib/python3.10/site-packages:${PYTHONPATH} /usr/bin/python3 setup.py develop --editable --build-directory /home/diyazen/hashika_ws/build/game/build --no-deps install_data
[5.004s] running develop
[5.005s] /usr/lib/python3/dist-packages/setuptools/command/easy_install.py:158: EasyInstallDeprecationWarning: easy_install command is deprecated. Use build and pip and other standards-based tools.
[5.006s]   warnings.warn(
[5.010s] /usr/lib/python3/dist-packages/setuptools/command/install.py:34: SetuptoolsDeprecationWarning: setup.py install is deprecated. Use build and pip and other standards-based tools.
[5.011s]   warnings.warn(
[5.100s] /usr/lib/python3/dist-packages/pkg_resources/__init__.py:116: PkgResourcesDeprecationWarning: 0.4.1. is an invalid version and will not be supported in a future release
[5.101s]   warnings.warn(
[5.877s] running egg_info
[5.878s] writing game.egg-info/PKG-INFO
[5.879s] writing dependency_links to game.egg-info/dependency_links.txt
[5.880s] writing entry points to game.egg-info/entry_points.txt
[5.885s] writing requirements to game.egg-info/requires.txt
[5.886s] writing top-level names to game.egg-info/top_level.txt
[5.890s] reading manifest file 'game.egg-info/SOURCES.txt'
[5.894s] writing manifest file 'game.egg-info/SOURCES.txt'
[5.902s] running build_ext
[5.903s] Creating /home/diyazen/hashika_ws/install/game/lib/python3.10/site-packages/game.egg-link (link to .)
[5.906s] Installing aruco_detection script to /home/diyazen/hashika_ws/install/game/lib/game
[5.907s] Installing movements script to /home/diyazen/hashika_ws/install/game/lib/game
[5.909s] 
[5.909s] Installed /home/diyazen/hashika_ws/build/game
[5.910s] running install_data
[6.040s] Invoked command in '/home/diyazen/hashika_ws/build/game' returned '0': PYTHONPATH=/home/diyazen/hashika_ws/build/game/prefix_override:/home/diyazen/hashika_ws/install/game/lib/python3.10/site-packages:${PYTHONPATH} /usr/bin/python3 setup.py develop --editable --build-directory /home/diyazen/hashika_ws/build/game/build --no-deps install_data
