[4.867s] DEBUG:colcon:Command line arguments: ['/usr/bin/colcon', 'build', '--symlink-install']
[4.868s] DEBUG:colcon:Parsed command line arguments: Namespace(log_base=None, log_level=None, verb_name='build', build_base='build', install_base='install', merge_install=False, symlink_install=True, test_result_base=None, continue_on_error=False, executor='parallel', parallel_workers=4, event_handlers=None, ignore_user_meta=False, metas=['./colcon.meta'], base_paths=['.'], packages_ignore=None, packages_ignore_regex=None, paths=None, packages_up_to=None, packages_up_to_regex=None, packages_above=None, packages_above_and_dependencies=None, packages_above_depth=None, packages_select_by_dep=None, packages_skip_by_dep=None, packages_skip_up_to=None, packages_select_build_failed=False, packages_skip_build_finished=False, packages_select_test_failures=False, packages_skip_test_passed=False, packages_select=None, packages_skip=None, packages_select_regex=None, packages_skip_regex=None, packages_start=None, packages_end=None, allow_overriding=[], cmake_args=None, cmake_target=None, cmake_target_skip_unavailable=False, cmake_clean_cache=False, cmake_clean_first=False, cmake_force_configure=False, ament_cmake_args=None, catkin_cmake_args=None, catkin_skip_building_tests=False, verb_parser=<colcon_defaults.argument_parser.defaults.DefaultArgumentsDecorator object at 0xffffb4e58790>, verb_extension=<colcon_core.verb.build.BuildVerb object at 0xffffb534acb0>, main=<bound method BuildVerb.main of <colcon_core.verb.build.BuildVerb object at 0xffffb534acb0>>)
[5.108s] Level 1:colcon.colcon_core.package_discovery:discover_packages(colcon_meta) check parameters
[5.109s] Level 1:colcon.colcon_core.package_discovery:discover_packages(recursive) check parameters
[5.109s] Level 1:colcon.colcon_core.package_discovery:discover_packages(ignore) check parameters
[5.109s] Level 1:colcon.colcon_core.package_discovery:discover_packages(path) check parameters
[5.109s] Level 1:colcon.colcon_core.package_discovery:discover_packages(colcon_meta) discover
[5.109s] Level 1:colcon.colcon_core.package_discovery:discover_packages(recursive) discover
[5.110s] INFO:colcon.colcon_core.package_discovery:Crawling recursively for packages in '/home/diyazen/hashika_ws'
[5.110s] Level 1:colcon.colcon_core.package_identification:_identify(.) by extensions ['ignore', 'ignore_ament_install']
[5.110s] Level 1:colcon.colcon_core.package_identification:_identify(.) by extension 'ignore'
[5.111s] Level 1:colcon.colcon_core.package_identification:_identify(.) by extension 'ignore_ament_install'
[5.111s] Level 1:colcon.colcon_core.package_identification:_identify(.) by extensions ['colcon_pkg']
[5.111s] Level 1:colcon.colcon_core.package_identification:_identify(.) by extension 'colcon_pkg'
[5.111s] Level 1:colcon.colcon_core.package_identification:_identify(.) by extensions ['colcon_meta']
[5.111s] Level 1:colcon.colcon_core.package_identification:_identify(.) by extension 'colcon_meta'
[5.112s] Level 1:colcon.colcon_core.package_identification:_identify(.) by extensions ['ros']
[5.112s] Level 1:colcon.colcon_core.package_identification:_identify(.) by extension 'ros'
[5.155s] Level 1:colcon.colcon_core.package_identification:_identify(.) by extensions ['cmake', 'python']
[5.155s] Level 1:colcon.colcon_core.package_identification:_identify(.) by extension 'cmake'
[5.155s] Level 1:colcon.colcon_core.package_identification:_identify(.) by extension 'python'
[5.156s] Level 1:colcon.colcon_core.package_identification:_identify(.) by extensions ['python_setup_py']
[5.156s] Level 1:colcon.colcon_core.package_identification:_identify(.) by extension 'python_setup_py'
[5.156s] Level 1:colcon.colcon_core.package_identification:_identify(build) by extensions ['ignore', 'ignore_ament_install']
[5.157s] Level 1:colcon.colcon_core.package_identification:_identify(build) by extension 'ignore'
[5.157s] Level 1:colcon.colcon_core.package_identification:_identify(build) ignored
[5.158s] Level 1:colcon.colcon_core.package_identification:_identify(install) by extensions ['ignore', 'ignore_ament_install']
[5.158s] Level 1:colcon.colcon_core.package_identification:_identify(install) by extension 'ignore'
[5.158s] Level 1:colcon.colcon_core.package_identification:_identify(install) ignored
[5.159s] Level 1:colcon.colcon_core.package_identification:_identify(log) by extensions ['ignore', 'ignore_ament_install']
[5.159s] Level 1:colcon.colcon_core.package_identification:_identify(log) by extension 'ignore'
[5.159s] Level 1:colcon.colcon_core.package_identification:_identify(log) ignored
[5.160s] Level 1:colcon.colcon_core.package_identification:_identify(src) by extensions ['ignore', 'ignore_ament_install']
[5.160s] Level 1:colcon.colcon_core.package_identification:_identify(src) by extension 'ignore'
[5.160s] Level 1:colcon.colcon_core.package_identification:_identify(src) by extension 'ignore_ament_install'
[5.160s] Level 1:colcon.colcon_core.package_identification:_identify(src) by extensions ['colcon_pkg']
[5.161s] Level 1:colcon.colcon_core.package_identification:_identify(src) by extension 'colcon_pkg'
[5.161s] Level 1:colcon.colcon_core.package_identification:_identify(src) by extensions ['colcon_meta']
[5.161s] Level 1:colcon.colcon_core.package_identification:_identify(src) by extension 'colcon_meta'
[5.161s] Level 1:colcon.colcon_core.package_identification:_identify(src) by extensions ['ros']
[5.161s] Level 1:colcon.colcon_core.package_identification:_identify(src) by extension 'ros'
[5.162s] Level 1:colcon.colcon_core.package_identification:_identify(src) by extensions ['cmake', 'python']
[5.162s] Level 1:colcon.colcon_core.package_identification:_identify(src) by extension 'cmake'
[5.162s] Level 1:colcon.colcon_core.package_identification:_identify(src) by extension 'python'
[5.162s] Level 1:colcon.colcon_core.package_identification:_identify(src) by extensions ['python_setup_py']
[5.162s] Level 1:colcon.colcon_core.package_identification:_identify(src) by extension 'python_setup_py'
[5.163s] Level 1:colcon.colcon_core.package_identification:_identify(src/game) by extensions ['ignore', 'ignore_ament_install']
[5.164s] Level 1:colcon.colcon_core.package_identification:_identify(src/game) by extension 'ignore'
[5.164s] Level 1:colcon.colcon_core.package_identification:_identify(src/game) by extension 'ignore_ament_install'
[5.164s] Level 1:colcon.colcon_core.package_identification:_identify(src/game) by extensions ['colcon_pkg']
[5.164s] Level 1:colcon.colcon_core.package_identification:_identify(src/game) by extension 'colcon_pkg'
[5.165s] Level 1:colcon.colcon_core.package_identification:_identify(src/game) by extensions ['colcon_meta']
[5.165s] Level 1:colcon.colcon_core.package_identification:_identify(src/game) by extension 'colcon_meta'
[5.165s] Level 1:colcon.colcon_core.package_identification:_identify(src/game) by extensions ['ros']
[5.166s] Level 1:colcon.colcon_core.package_identification:_identify(src/game) by extension 'ros'
[5.174s] DEBUG:colcon.colcon_core.package_identification:Package 'src/game' with type 'ros.ament_python' and name 'game'
[5.175s] Level 1:colcon.colcon_core.package_identification:_identify(src/run_game) by extensions ['ignore', 'ignore_ament_install']
[5.175s] Level 1:colcon.colcon_core.package_identification:_identify(src/run_game) by extension 'ignore'
[5.175s] Level 1:colcon.colcon_core.package_identification:_identify(src/run_game) by extension 'ignore_ament_install'
[5.176s] Level 1:colcon.colcon_core.package_identification:_identify(src/run_game) by extensions ['colcon_pkg']
[5.176s] Level 1:colcon.colcon_core.package_identification:_identify(src/run_game) by extension 'colcon_pkg'
[5.176s] Level 1:colcon.colcon_core.package_identification:_identify(src/run_game) by extensions ['colcon_meta']
[5.176s] Level 1:colcon.colcon_core.package_identification:_identify(src/run_game) by extension 'colcon_meta'
[5.176s] Level 1:colcon.colcon_core.package_identification:_identify(src/run_game) by extensions ['ros']
[5.176s] Level 1:colcon.colcon_core.package_identification:_identify(src/run_game) by extension 'ros'
[5.178s] DEBUG:colcon.colcon_core.package_identification:Package 'src/run_game' with type 'ros.ament_cmake' and name 'run_game'
[5.179s] Level 1:colcon.colcon_core.package_discovery:discover_packages(recursive) using defaults
[5.179s] Level 1:colcon.colcon_core.package_discovery:discover_packages(ignore) discover
[5.179s] Level 1:colcon.colcon_core.package_discovery:discover_packages(ignore) using defaults
[5.179s] Level 1:colcon.colcon_core.package_discovery:discover_packages(path) discover
[5.179s] Level 1:colcon.colcon_core.package_discovery:discover_packages(path) using defaults
[5.641s] Level 1:colcon.colcon_core.package_discovery:discover_packages(prefix_path) check parameters
[5.641s] Level 1:colcon.colcon_core.package_discovery:discover_packages(prefix_path) discover
[5.792s] DEBUG:colcon.colcon_installed_package_information.package_discovery:Found 5 installed packages in /home/diyazen/upeksha_ws/install
[5.870s] DEBUG:colcon.colcon_installed_package_information.package_discovery:Found 2 installed packages in /home/diyazen/hashika_ws/install
[5.951s] DEBUG:colcon.colcon_installed_package_information.package_discovery:Found 324 installed packages in /opt/ros/humble
[5.958s] Level 1:colcon.colcon_core.package_discovery:discover_packages(prefix_path) using defaults
[6.472s] Level 5:colcon.colcon_core.verb:set package 'game' build argument 'cmake_args' from command line to 'None'
[6.473s] Level 5:colcon.colcon_core.verb:set package 'game' build argument 'cmake_target' from command line to 'None'
[6.473s] Level 5:colcon.colcon_core.verb:set package 'game' build argument 'cmake_target_skip_unavailable' from command line to 'False'
[6.473s] Level 5:colcon.colcon_core.verb:set package 'game' build argument 'cmake_clean_cache' from command line to 'False'
[6.473s] Level 5:colcon.colcon_core.verb:set package 'game' build argument 'cmake_clean_first' from command line to 'False'
[6.473s] Level 5:colcon.colcon_core.verb:set package 'game' build argument 'cmake_force_configure' from command line to 'False'
[6.473s] Level 5:colcon.colcon_core.verb:set package 'game' build argument 'ament_cmake_args' from command line to 'None'
[6.473s] Level 5:colcon.colcon_core.verb:set package 'game' build argument 'catkin_cmake_args' from command line to 'None'
[6.473s] Level 5:colcon.colcon_core.verb:set package 'game' build argument 'catkin_skip_building_tests' from command line to 'False'
[6.473s] DEBUG:colcon.colcon_core.verb:Building package 'game' with the following arguments: {'ament_cmake_args': None, 'build_base': '/home/diyazen/hashika_ws/build/game', 'catkin_cmake_args': None, 'catkin_skip_building_tests': False, 'cmake_args': None, 'cmake_clean_cache': False, 'cmake_clean_first': False, 'cmake_force_configure': False, 'cmake_target': None, 'cmake_target_skip_unavailable': False, 'install_base': '/home/diyazen/hashika_ws/install/game', 'merge_install': False, 'path': '/home/diyazen/hashika_ws/src/game', 'symlink_install': True, 'test_result_base': None}
[6.546s] Level 5:colcon.colcon_core.verb:set package 'run_game' build argument 'cmake_args' from command line to 'None'
[6.547s] Level 5:colcon.colcon_core.verb:set package 'run_game' build argument 'cmake_target' from command line to 'None'
[6.547s] Level 5:colcon.colcon_core.verb:set package 'run_game' build argument 'cmake_target_skip_unavailable' from command line to 'False'
[6.547s] Level 5:colcon.colcon_core.verb:set package 'run_game' build argument 'cmake_clean_cache' from command line to 'False'
[6.547s] Level 5:colcon.colcon_core.verb:set package 'run_game' build argument 'cmake_clean_first' from command line to 'False'
[6.547s] Level 5:colcon.colcon_core.verb:set package 'run_game' build argument 'cmake_force_configure' from command line to 'False'
[6.547s] Level 5:colcon.colcon_core.verb:set package 'run_game' build argument 'ament_cmake_args' from command line to 'None'
[6.547s] Level 5:colcon.colcon_core.verb:set package 'run_game' build argument 'catkin_cmake_args' from command line to 'None'
[6.548s] Level 5:colcon.colcon_core.verb:set package 'run_game' build argument 'catkin_skip_building_tests' from command line to 'False'
[6.548s] DEBUG:colcon.colcon_core.verb:Building package 'run_game' with the following arguments: {'ament_cmake_args': None, 'build_base': '/home/diyazen/hashika_ws/build/run_game', 'catkin_cmake_args': None, 'catkin_skip_building_tests': False, 'cmake_args': None, 'cmake_clean_cache': False, 'cmake_clean_first': False, 'cmake_force_configure': False, 'cmake_target': None, 'cmake_target_skip_unavailable': False, 'install_base': '/home/diyazen/hashika_ws/install/run_game', 'merge_install': False, 'path': '/home/diyazen/hashika_ws/src/run_game', 'symlink_install': True, 'test_result_base': None}
[6.621s] INFO:colcon.colcon_core.executor:Executing jobs using 'parallel' executor
[6.696s] DEBUG:colcon.colcon_parallel_executor.executor.parallel:run_until_complete
[6.697s] INFO:colcon.colcon_ros.task.ament_python.build:Building ROS package in '/home/diyazen/hashika_ws/src/game' with build type 'ament_python'
[6.697s] Level 1:colcon.colcon_core.shell:create_environment_hook('game', 'ament_prefix_path')
[6.784s] INFO:colcon.colcon_core.plugin_system:Skipping extension 'colcon_core.shell.bat': Not used on non-Windows systems
[6.785s] INFO:colcon.colcon_core.shell:Creating environment hook '/home/diyazen/hashika_ws/install/game/share/game/hook/ament_prefix_path.ps1'
[6.788s] INFO:colcon.colcon_core.shell:Creating environment descriptor '/home/diyazen/hashika_ws/install/game/share/game/hook/ament_prefix_path.dsv'
[6.790s] INFO:colcon.colcon_core.shell:Creating environment hook '/home/diyazen/hashika_ws/install/game/share/game/hook/ament_prefix_path.sh'
[6.870s] INFO:colcon.colcon_core.shell:Skip shell extension 'powershell' for command environment: Not usable outside of PowerShell
[6.870s] DEBUG:colcon.colcon_core.shell:Skip shell extension 'dsv' for command environment
[8.563s] INFO:colcon.colcon_core.task.python.build:Building Python package in '/home/diyazen/hashika_ws/src/game'
[8.687s] INFO:colcon.colcon_core.shell:Skip shell extension 'powershell' for command environment: Not usable outside of PowerShell
[8.688s] DEBUG:colcon.colcon_core.shell:Skip shell extension 'dsv' for command environment
[10.759s] DEBUG:colcon.colcon_core.event_handler.log_command:Invoking command in '/home/diyazen/hashika_ws/build/game': PYTHONPATH=/home/diyazen/hashika_ws/build/game/prefix_override:/home/diyazen/hashika_ws/install/game/lib/python3.10/site-packages:${PYTHONPATH} /usr/bin/python3 setup.py develop --editable --build-directory /home/diyazen/hashika_ws/build/game/build --no-deps install_data
[13.043s] Level 1:colcon.colcon_core.shell:create_environment_hook('game', 'pythonpath_develop')
[13.045s] DEBUG:colcon.colcon_core.event_handler.log_command:Invoked command in '/home/diyazen/hashika_ws/build/game' returned '0': PYTHONPATH=/home/diyazen/hashika_ws/build/game/prefix_override:/home/diyazen/hashika_ws/install/game/lib/python3.10/site-packages:${PYTHONPATH} /usr/bin/python3 setup.py develop --editable --build-directory /home/diyazen/hashika_ws/build/game/build --no-deps install_data
[13.123s] INFO:colcon.colcon_core.shell:Creating environment hook '/home/diyazen/hashika_ws/build/game/share/game/hook/pythonpath_develop.ps1'
[13.125s] INFO:colcon.colcon_core.shell:Creating environment descriptor '/home/diyazen/hashika_ws/build/game/share/game/hook/pythonpath_develop.dsv'
[13.127s] INFO:colcon.colcon_core.shell:Creating environment hook '/home/diyazen/hashika_ws/build/game/share/game/hook/pythonpath_develop.sh'
[13.215s] Level 1:colcon.colcon_core.environment:checking '/home/diyazen/hashika_ws/install/game' for CMake module files
[13.217s] Level 1:colcon.colcon_core.environment:checking '/home/diyazen/hashika_ws/install/game' for CMake config files
[13.220s] Level 1:colcon.colcon_core.environment:checking '/home/diyazen/hashika_ws/install/game/lib'
[13.221s] Level 1:colcon.colcon_core.environment:checking '/home/diyazen/hashika_ws/install/game/bin'
[13.221s] Level 1:colcon.colcon_core.environment:checking '/home/diyazen/hashika_ws/install/game/lib/pkgconfig/game.pc'
[13.222s] Level 1:colcon.colcon_core.environment:checking '/home/diyazen/hashika_ws/install/game/lib/python3.10/site-packages'
[13.222s] Level 1:colcon.colcon_core.shell:create_environment_hook('game', 'pythonpath')
[13.296s] INFO:colcon.colcon_core.shell:Creating environment hook '/home/diyazen/hashika_ws/install/game/share/game/hook/pythonpath.ps1'
[13.299s] INFO:colcon.colcon_core.shell:Creating environment descriptor '/home/diyazen/hashika_ws/install/game/share/game/hook/pythonpath.dsv'
[13.301s] INFO:colcon.colcon_core.shell:Creating environment hook '/home/diyazen/hashika_ws/install/game/share/game/hook/pythonpath.sh'
[13.303s] Level 1:colcon.colcon_core.environment:checking '/home/diyazen/hashika_ws/install/game/bin'
[13.304s] Level 1:colcon.colcon_core.environment:create_environment_scripts_only(game)
[13.377s] INFO:colcon.colcon_core.shell:Creating package script '/home/diyazen/hashika_ws/install/game/share/game/package.ps1'
[13.380s] INFO:colcon.colcon_core.shell:Creating package descriptor '/home/diyazen/hashika_ws/install/game/share/game/package.dsv'
[13.383s] INFO:colcon.colcon_core.shell:Creating package script '/home/diyazen/hashika_ws/install/game/share/game/package.sh'
[13.387s] INFO:colcon.colcon_core.shell:Creating package script '/home/diyazen/hashika_ws/install/game/share/game/package.bash'
[13.390s] INFO:colcon.colcon_core.shell:Creating package script '/home/diyazen/hashika_ws/install/game/share/game/package.zsh'
[13.393s] Level 1:colcon.colcon_core.environment:create_file_with_runtime_dependencies(/home/diyazen/hashika_ws/install/game/share/colcon-core/packages/game)
[13.395s] INFO:colcon.colcon_ros.task.ament_cmake.build:Building ROS package in '/home/diyazen/hashika_ws/src/run_game' with build type 'ament_cmake'
[13.395s] INFO:colcon.colcon_cmake.task.cmake.build:Building CMake package in '/home/diyazen/hashika_ws/src/run_game'
[13.471s] INFO:colcon.colcon_core.shell:Skip shell extension 'powershell' for command environment: Not usable outside of PowerShell
[13.471s] DEBUG:colcon.colcon_core.shell:Skip shell extension 'dsv' for command environment
[13.806s] DEBUG:colcon.colcon_core.event_handler.log_command:Invoking command in '/home/diyazen/hashika_ws/build/run_game': CMAKE_PREFIX_PATH=${CMAKE_PREFIX_PATH}:/home/diyazen/hashika_ws/install/game:/home/diyazen/upeksha_ws/install/ros2_bno055:/home/diyazen/upeksha_ws/install/py_pubsub:/home/diyazen/upeksha_ws/install/bno055:/opt/ros/humble /usr/bin/cmake /home/diyazen/hashika_ws/src/run_game -DAMENT_CMAKE_SYMLINK_INSTALL=1 -DCMAKE_INSTALL_PREFIX=/home/diyazen/hashika_ws/install/run_game
[15.244s] DEBUG:colcon.colcon_core.event_handler.log_command:Invoked command in '/home/diyazen/hashika_ws/build/run_game' returned '0': CMAKE_PREFIX_PATH=${CMAKE_PREFIX_PATH}:/home/diyazen/hashika_ws/install/game:/home/diyazen/upeksha_ws/install/ros2_bno055:/home/diyazen/upeksha_ws/install/py_pubsub:/home/diyazen/upeksha_ws/install/bno055:/opt/ros/humble /usr/bin/cmake /home/diyazen/hashika_ws/src/run_game -DAMENT_CMAKE_SYMLINK_INSTALL=1 -DCMAKE_INSTALL_PREFIX=/home/diyazen/hashika_ws/install/run_game
[15.254s] DEBUG:colcon.colcon_core.event_handler.log_command:Invoking command in '/home/diyazen/hashika_ws/build/run_game': CMAKE_PREFIX_PATH=${CMAKE_PREFIX_PATH}:/home/diyazen/hashika_ws/install/game:/home/diyazen/upeksha_ws/install/ros2_bno055:/home/diyazen/upeksha_ws/install/py_pubsub:/home/diyazen/upeksha_ws/install/bno055:/opt/ros/humble /usr/bin/cmake --build /home/diyazen/hashika_ws/build/run_game -- -j4 -l4
[15.391s] DEBUG:colcon.colcon_core.event_handler.log_command:Invoked command in '/home/diyazen/hashika_ws/build/run_game' returned '0': CMAKE_PREFIX_PATH=${CMAKE_PREFIX_PATH}:/home/diyazen/hashika_ws/install/game:/home/diyazen/upeksha_ws/install/ros2_bno055:/home/diyazen/upeksha_ws/install/py_pubsub:/home/diyazen/upeksha_ws/install/bno055:/opt/ros/humble /usr/bin/cmake --build /home/diyazen/hashika_ws/build/run_game -- -j4 -l4
[15.541s] DEBUG:colcon.colcon_core.event_handler.log_command:Invoking command in '/home/diyazen/hashika_ws/build/run_game': CMAKE_PREFIX_PATH=${CMAKE_PREFIX_PATH}:/home/diyazen/hashika_ws/install/game:/home/diyazen/upeksha_ws/install/ros2_bno055:/home/diyazen/upeksha_ws/install/py_pubsub:/home/diyazen/upeksha_ws/install/bno055:/opt/ros/humble /usr/bin/cmake --install /home/diyazen/hashika_ws/build/run_game
[16.085s] Level 1:colcon.colcon_core.environment:create_environment_scripts_only(run_game)
[16.087s] DEBUG:colcon.colcon_core.event_handler.log_command:Invoked command in '/home/diyazen/hashika_ws/build/run_game' returned '0': CMAKE_PREFIX_PATH=${CMAKE_PREFIX_PATH}:/home/diyazen/hashika_ws/install/game:/home/diyazen/upeksha_ws/install/ros2_bno055:/home/diyazen/upeksha_ws/install/py_pubsub:/home/diyazen/upeksha_ws/install/bno055:/opt/ros/humble /usr/bin/cmake --install /home/diyazen/hashika_ws/build/run_game
[16.161s] Level 1:colcon.colcon_core.environment:checking '/home/diyazen/hashika_ws/install/run_game' for CMake module files
[16.164s] Level 1:colcon.colcon_core.environment:checking '/home/diyazen/hashika_ws/install/run_game' for CMake config files
[16.167s] Level 1:colcon.colcon_core.shell:create_environment_hook('run_game', 'cmake_prefix_path')
[16.242s] INFO:colcon.colcon_core.shell:Creating environment hook '/home/diyazen/hashika_ws/install/run_game/share/run_game/hook/cmake_prefix_path.ps1'
[16.245s] INFO:colcon.colcon_core.shell:Creating environment descriptor '/home/diyazen/hashika_ws/install/run_game/share/run_game/hook/cmake_prefix_path.dsv'
[16.246s] INFO:colcon.colcon_core.shell:Creating environment hook '/home/diyazen/hashika_ws/install/run_game/share/run_game/hook/cmake_prefix_path.sh'
[16.248s] Level 1:colcon.colcon_core.environment:checking '/home/diyazen/hashika_ws/install/run_game/bin'
[16.248s] Level 1:colcon.colcon_core.environment:checking '/home/diyazen/hashika_ws/install/run_game/lib/pkgconfig/run_game.pc'
[16.249s] Level 1:colcon.colcon_core.environment:checking '/home/diyazen/hashika_ws/install/run_game/lib/python3.10/site-packages'
[16.250s] Level 1:colcon.colcon_core.environment:checking '/home/diyazen/hashika_ws/install/run_game/bin'
[16.326s] INFO:colcon.colcon_core.shell:Creating package script '/home/diyazen/hashika_ws/install/run_game/share/run_game/package.ps1'
[16.328s] INFO:colcon.colcon_core.shell:Creating package descriptor '/home/diyazen/hashika_ws/install/run_game/share/run_game/package.dsv'
[16.330s] INFO:colcon.colcon_core.shell:Creating package script '/home/diyazen/hashika_ws/install/run_game/share/run_game/package.sh'
[16.332s] INFO:colcon.colcon_core.shell:Creating package script '/home/diyazen/hashika_ws/install/run_game/share/run_game/package.bash'
[16.333s] INFO:colcon.colcon_core.shell:Creating package script '/home/diyazen/hashika_ws/install/run_game/share/run_game/package.zsh'
[16.335s] Level 1:colcon.colcon_core.environment:create_file_with_runtime_dependencies(/home/diyazen/hashika_ws/install/run_game/share/colcon-core/packages/run_game)
[16.521s] Level 1:colcon.colcon_core.environment:create_environment_scripts_only(run_game)
[16.593s] Level 1:colcon.colcon_core.environment:checking '/home/diyazen/hashika_ws/install/run_game' for CMake module files
[16.595s] Level 1:colcon.colcon_core.environment:checking '/home/diyazen/hashika_ws/install/run_game' for CMake config files
[16.598s] Level 1:colcon.colcon_core.shell:create_environment_hook('run_game', 'cmake_prefix_path')
[16.670s] INFO:colcon.colcon_core.shell:Creating environment hook '/home/diyazen/hashika_ws/install/run_game/share/run_game/hook/cmake_prefix_path.ps1'
[16.672s] INFO:colcon.colcon_core.shell:Creating environment descriptor '/home/diyazen/hashika_ws/install/run_game/share/run_game/hook/cmake_prefix_path.dsv'
[16.674s] INFO:colcon.colcon_core.shell:Creating environment hook '/home/diyazen/hashika_ws/install/run_game/share/run_game/hook/cmake_prefix_path.sh'
[16.677s] Level 1:colcon.colcon_core.environment:checking '/home/diyazen/hashika_ws/install/run_game/bin'
[16.677s] Level 1:colcon.colcon_core.environment:checking '/home/diyazen/hashika_ws/install/run_game/lib/pkgconfig/run_game.pc'
[16.678s] Level 1:colcon.colcon_core.environment:checking '/home/diyazen/hashika_ws/install/run_game/lib/python3.10/site-packages'
[16.679s] Level 1:colcon.colcon_core.environment:checking '/home/diyazen/hashika_ws/install/run_game/bin'
[16.752s] INFO:colcon.colcon_core.shell:Creating package script '/home/diyazen/hashika_ws/install/run_game/share/run_game/package.ps1'
[16.755s] INFO:colcon.colcon_core.shell:Creating package descriptor '/home/diyazen/hashika_ws/install/run_game/share/run_game/package.dsv'
[16.757s] INFO:colcon.colcon_core.shell:Creating package script '/home/diyazen/hashika_ws/install/run_game/share/run_game/package.sh'
[16.759s] INFO:colcon.colcon_core.shell:Creating package script '/home/diyazen/hashika_ws/install/run_game/share/run_game/package.bash'
[16.761s] INFO:colcon.colcon_core.shell:Creating package script '/home/diyazen/hashika_ws/install/run_game/share/run_game/package.zsh'
[16.762s] Level 1:colcon.colcon_core.environment:create_file_with_runtime_dependencies(/home/diyazen/hashika_ws/install/run_game/share/colcon-core/packages/run_game)
[16.764s] DEBUG:colcon.colcon_parallel_executor.executor.parallel:closing loop
[16.765s] DEBUG:colcon.colcon_parallel_executor.executor.parallel:loop closed
[16.765s] DEBUG:colcon.colcon_parallel_executor.executor.parallel:run_until_complete finished with '0'
[16.765s] DEBUG:colcon.colcon_core.event_reactor:joining thread
[16.860s] INFO:colcon.colcon_core.plugin_system:Skipping extension 'colcon_notification.desktop_notification.terminal_notifier': Not used on non-Darwin systems
[16.860s] INFO:colcon.colcon_core.plugin_system:Skipping extension 'colcon_notification.desktop_notification.win32': Not used on non-Windows systems
[16.861s] INFO:colcon.colcon_notification.desktop_notification:Sending desktop notification using 'notify2'
[16.901s] DEBUG:colcon.colcon_core.event_reactor:joined thread
[16.976s] INFO:colcon.colcon_core.shell:Creating prefix script '/home/diyazen/hashika_ws/install/local_setup.ps1'
[16.996s] INFO:colcon.colcon_core.shell:Creating prefix util module '/home/diyazen/hashika_ws/install/_local_setup_util_ps1.py'
[17.005s] INFO:colcon.colcon_core.shell:Creating prefix chain script '/home/diyazen/hashika_ws/install/setup.ps1'
[17.085s] INFO:colcon.colcon_core.shell:Creating prefix script '/home/diyazen/hashika_ws/install/local_setup.sh'
[17.087s] INFO:colcon.colcon_core.shell:Creating prefix util module '/home/diyazen/hashika_ws/install/_local_setup_util_sh.py'
[17.089s] INFO:colcon.colcon_core.shell:Creating prefix chain script '/home/diyazen/hashika_ws/install/setup.sh'
[17.168s] INFO:colcon.colcon_core.shell:Creating prefix script '/home/diyazen/hashika_ws/install/local_setup.bash'
[17.170s] INFO:colcon.colcon_core.shell:Creating prefix chain script '/home/diyazen/hashika_ws/install/setup.bash'
[17.250s] INFO:colcon.colcon_core.shell:Creating prefix script '/home/diyazen/hashika_ws/install/local_setup.zsh'
[17.253s] INFO:colcon.colcon_core.shell:Creating prefix chain script '/home/diyazen/hashika_ws/install/setup.zsh'
