[5.637s] DEBUG:colcon:Command line arguments: ['/usr/bin/colcon', 'build', '--symlink-install']
[5.638s] DEBUG:colcon:Parsed command line arguments: Namespace(log_base=None, log_level=None, verb_name='build', build_base='build', install_base='install', merge_install=False, symlink_install=True, test_result_base=None, continue_on_error=False, executor='parallel', parallel_workers=4, event_handlers=None, ignore_user_meta=False, metas=['./colcon.meta'], base_paths=['.'], packages_ignore=None, packages_ignore_regex=None, paths=None, packages_up_to=None, packages_up_to_regex=None, packages_above=None, packages_above_and_dependencies=None, packages_above_depth=None, packages_select_by_dep=None, packages_skip_by_dep=None, packages_skip_up_to=None, packages_select_build_failed=False, packages_skip_build_finished=False, packages_select_test_failures=False, packages_skip_test_passed=False, packages_select=None, packages_skip=None, packages_select_regex=None, packages_skip_regex=None, packages_start=None, packages_end=None, allow_overriding=[], cmake_args=None, cmake_target=None, cmake_target_skip_unavailable=False, cmake_clean_cache=False, cmake_clean_first=False, cmake_force_configure=False, ament_cmake_args=None, catkin_cmake_args=None, catkin_skip_building_tests=False, verb_parser=<colcon_defaults.argument_parser.defaults.DefaultArgumentsDecorator object at 0xffffbbd00220>, verb_extension=<colcon_core.verb.build.BuildVerb object at 0xffffbc1eace0>, main=<bound method BuildVerb.main of <colcon_core.verb.build.BuildVerb object at 0xffffbc1eace0>>)
[5.986s] Level 1:colcon.colcon_core.package_discovery:discover_packages(colcon_meta) check parameters
[5.987s] Level 1:colcon.colcon_core.package_discovery:discover_packages(recursive) check parameters
[5.987s] Level 1:colcon.colcon_core.package_discovery:discover_packages(ignore) check parameters
[5.987s] Level 1:colcon.colcon_core.package_discovery:discover_packages(path) check parameters
[5.987s] Level 1:colcon.colcon_core.package_discovery:discover_packages(colcon_meta) discover
[5.988s] Level 1:colcon.colcon_core.package_discovery:discover_packages(recursive) discover
[5.988s] INFO:colcon.colcon_core.package_discovery:Crawling recursively for packages in '/home/diyazen/hashika_ws'
[5.988s] Level 1:colcon.colcon_core.package_identification:_identify(.) by extensions ['ignore', 'ignore_ament_install']
[5.989s] Level 1:colcon.colcon_core.package_identification:_identify(.) by extension 'ignore'
[5.989s] Level 1:colcon.colcon_core.package_identification:_identify(.) by extension 'ignore_ament_install'
[5.989s] Level 1:colcon.colcon_core.package_identification:_identify(.) by extensions ['colcon_pkg']
[5.989s] Level 1:colcon.colcon_core.package_identification:_identify(.) by extension 'colcon_pkg'
[5.989s] Level 1:colcon.colcon_core.package_identification:_identify(.) by extensions ['colcon_meta']
[5.989s] Level 1:colcon.colcon_core.package_identification:_identify(.) by extension 'colcon_meta'
[5.990s] Level 1:colcon.colcon_core.package_identification:_identify(.) by extensions ['ros']
[5.990s] Level 1:colcon.colcon_core.package_identification:_identify(.) by extension 'ros'
[6.037s] Level 1:colcon.colcon_core.package_identification:_identify(.) by extensions ['cmake', 'python']
[6.037s] Level 1:colcon.colcon_core.package_identification:_identify(.) by extension 'cmake'
[6.038s] Level 1:colcon.colcon_core.package_identification:_identify(.) by extension 'python'
[6.038s] Level 1:colcon.colcon_core.package_identification:_identify(.) by extensions ['python_setup_py']
[6.038s] Level 1:colcon.colcon_core.package_identification:_identify(.) by extension 'python_setup_py'
[6.038s] Level 1:colcon.colcon_core.package_identification:_identify(build) by extensions ['ignore', 'ignore_ament_install']
[6.039s] Level 1:colcon.colcon_core.package_identification:_identify(build) by extension 'ignore'
[6.039s] Level 1:colcon.colcon_core.package_identification:_identify(build) ignored
[6.040s] Level 1:colcon.colcon_core.package_identification:_identify(install) by extensions ['ignore', 'ignore_ament_install']
[6.040s] Level 1:colcon.colcon_core.package_identification:_identify(install) by extension 'ignore'
[6.040s] Level 1:colcon.colcon_core.package_identification:_identify(install) ignored
[6.041s] Level 1:colcon.colcon_core.package_identification:_identify(log) by extensions ['ignore', 'ignore_ament_install']
[6.041s] Level 1:colcon.colcon_core.package_identification:_identify(log) by extension 'ignore'
[6.041s] Level 1:colcon.colcon_core.package_identification:_identify(log) ignored
[6.042s] Level 1:colcon.colcon_core.package_identification:_identify(src) by extensions ['ignore', 'ignore_ament_install']
[6.042s] Level 1:colcon.colcon_core.package_identification:_identify(src) by extension 'ignore'
[6.042s] Level 1:colcon.colcon_core.package_identification:_identify(src) by extension 'ignore_ament_install'
[6.042s] Level 1:colcon.colcon_core.package_identification:_identify(src) by extensions ['colcon_pkg']
[6.042s] Level 1:colcon.colcon_core.package_identification:_identify(src) by extension 'colcon_pkg'
[6.043s] Level 1:colcon.colcon_core.package_identification:_identify(src) by extensions ['colcon_meta']
[6.043s] Level 1:colcon.colcon_core.package_identification:_identify(src) by extension 'colcon_meta'
[6.043s] Level 1:colcon.colcon_core.package_identification:_identify(src) by extensions ['ros']
[6.043s] Level 1:colcon.colcon_core.package_identification:_identify(src) by extension 'ros'
[6.043s] Level 1:colcon.colcon_core.package_identification:_identify(src) by extensions ['cmake', 'python']
[6.043s] Level 1:colcon.colcon_core.package_identification:_identify(src) by extension 'cmake'
[6.044s] Level 1:colcon.colcon_core.package_identification:_identify(src) by extension 'python'
[6.044s] Level 1:colcon.colcon_core.package_identification:_identify(src) by extensions ['python_setup_py']
[6.044s] Level 1:colcon.colcon_core.package_identification:_identify(src) by extension 'python_setup_py'
[6.044s] Level 1:colcon.colcon_core.package_identification:_identify(src/game) by extensions ['ignore', 'ignore_ament_install']
[6.045s] Level 1:colcon.colcon_core.package_identification:_identify(src/game) by extension 'ignore'
[6.045s] Level 1:colcon.colcon_core.package_identification:_identify(src/game) by extension 'ignore_ament_install'
[6.045s] Level 1:colcon.colcon_core.package_identification:_identify(src/game) by extensions ['colcon_pkg']
[6.045s] Level 1:colcon.colcon_core.package_identification:_identify(src/game) by extension 'colcon_pkg'
[6.045s] Level 1:colcon.colcon_core.package_identification:_identify(src/game) by extensions ['colcon_meta']
[6.045s] Level 1:colcon.colcon_core.package_identification:_identify(src/game) by extension 'colcon_meta'
[6.046s] Level 1:colcon.colcon_core.package_identification:_identify(src/game) by extensions ['ros']
[6.046s] Level 1:colcon.colcon_core.package_identification:_identify(src/game) by extension 'ros'
[6.058s] DEBUG:colcon.colcon_core.package_identification:Package 'src/game' with type 'ros.ament_python' and name 'game'
[6.059s] Level 1:colcon.colcon_core.package_discovery:discover_packages(recursive) using defaults
[6.059s] Level 1:colcon.colcon_core.package_discovery:discover_packages(ignore) discover
[6.059s] Level 1:colcon.colcon_core.package_discovery:discover_packages(ignore) using defaults
[6.059s] Level 1:colcon.colcon_core.package_discovery:discover_packages(path) discover
[6.059s] Level 1:colcon.colcon_core.package_discovery:discover_packages(path) using defaults
[6.539s] Level 1:colcon.colcon_core.package_discovery:discover_packages(prefix_path) check parameters
[6.539s] Level 1:colcon.colcon_core.package_discovery:discover_packages(prefix_path) discover
[6.700s] DEBUG:colcon.colcon_installed_package_information.package_discovery:Found 5 installed packages in /home/diyazen/upeksha_ws/install
[6.774s] DEBUG:colcon.colcon_installed_package_information.package_discovery:Found 1 installed packages in /home/diyazen/hashika_ws/install
[6.854s] DEBUG:colcon.colcon_installed_package_information.package_discovery:Found 324 installed packages in /opt/ros/humble
[6.861s] Level 1:colcon.colcon_core.package_discovery:discover_packages(prefix_path) using defaults
[7.358s] Level 5:colcon.colcon_core.verb:set package 'game' build argument 'cmake_args' from command line to 'None'
[7.358s] Level 5:colcon.colcon_core.verb:set package 'game' build argument 'cmake_target' from command line to 'None'
[7.358s] Level 5:colcon.colcon_core.verb:set package 'game' build argument 'cmake_target_skip_unavailable' from command line to 'False'
[7.358s] Level 5:colcon.colcon_core.verb:set package 'game' build argument 'cmake_clean_cache' from command line to 'False'
[7.359s] Level 5:colcon.colcon_core.verb:set package 'game' build argument 'cmake_clean_first' from command line to 'False'
[7.359s] Level 5:colcon.colcon_core.verb:set package 'game' build argument 'cmake_force_configure' from command line to 'False'
[7.359s] Level 5:colcon.colcon_core.verb:set package 'game' build argument 'ament_cmake_args' from command line to 'None'
[7.359s] Level 5:colcon.colcon_core.verb:set package 'game' build argument 'catkin_cmake_args' from command line to 'None'
[7.359s] Level 5:colcon.colcon_core.verb:set package 'game' build argument 'catkin_skip_building_tests' from command line to 'False'
[7.359s] DEBUG:colcon.colcon_core.verb:Building package 'game' with the following arguments: {'ament_cmake_args': None, 'build_base': '/home/diyazen/hashika_ws/build/game', 'catkin_cmake_args': None, 'catkin_skip_building_tests': False, 'cmake_args': None, 'cmake_clean_cache': False, 'cmake_clean_first': False, 'cmake_force_configure': False, 'cmake_target': None, 'cmake_target_skip_unavailable': False, 'install_base': '/home/diyazen/hashika_ws/install/game', 'merge_install': False, 'path': '/home/diyazen/hashika_ws/src/game', 'symlink_install': True, 'test_result_base': None}
[7.430s] INFO:colcon.colcon_core.executor:Executing jobs using 'parallel' executor
[7.505s] DEBUG:colcon.colcon_parallel_executor.executor.parallel:run_until_complete
[7.506s] INFO:colcon.colcon_ros.task.ament_python.build:Building ROS package in '/home/diyazen/hashika_ws/src/game' with build type 'ament_python'
[7.507s] Level 1:colcon.colcon_core.shell:create_environment_hook('game', 'ament_prefix_path')
[7.602s] INFO:colcon.colcon_core.plugin_system:Skipping extension 'colcon_core.shell.bat': Not used on non-Windows systems
[7.604s] INFO:colcon.colcon_core.shell:Creating environment hook '/home/diyazen/hashika_ws/install/game/share/game/hook/ament_prefix_path.ps1'
[7.608s] INFO:colcon.colcon_core.shell:Creating environment descriptor '/home/diyazen/hashika_ws/install/game/share/game/hook/ament_prefix_path.dsv'
[7.614s] INFO:colcon.colcon_core.shell:Creating environment hook '/home/diyazen/hashika_ws/install/game/share/game/hook/ament_prefix_path.sh'
[7.696s] INFO:colcon.colcon_core.shell:Skip shell extension 'powershell' for command environment: Not usable outside of PowerShell
[7.696s] DEBUG:colcon.colcon_core.shell:Skip shell extension 'dsv' for command environment
[9.280s] INFO:colcon.colcon_core.task.python.build:Building Python package in '/home/diyazen/hashika_ws/src/game'
[9.356s] INFO:colcon.colcon_core.shell:Skip shell extension 'powershell' for command environment: Not usable outside of PowerShell
[9.356s] DEBUG:colcon.colcon_core.shell:Skip shell extension 'dsv' for command environment
[11.420s] DEBUG:colcon.colcon_core.event_handler.log_command:Invoking command in '/home/diyazen/hashika_ws/build/game': PYTHONPATH=/home/diyazen/hashika_ws/build/game/prefix_override:/home/diyazen/hashika_ws/install/game/lib/python3.10/site-packages:${PYTHONPATH} /usr/bin/python3 setup.py develop --editable --build-directory /home/diyazen/hashika_ws/build/game/build --no-deps install_data
[13.707s] Level 1:colcon.colcon_core.shell:create_environment_hook('game', 'pythonpath_develop')
[13.709s] DEBUG:colcon.colcon_core.event_handler.log_command:Invoked command in '/home/diyazen/hashika_ws/build/game' returned '0': PYTHONPATH=/home/diyazen/hashika_ws/build/game/prefix_override:/home/diyazen/hashika_ws/install/game/lib/python3.10/site-packages:${PYTHONPATH} /usr/bin/python3 setup.py develop --editable --build-directory /home/diyazen/hashika_ws/build/game/build --no-deps install_data
[13.783s] INFO:colcon.colcon_core.shell:Creating environment hook '/home/diyazen/hashika_ws/build/game/share/game/hook/pythonpath_develop.ps1'
[13.785s] INFO:colcon.colcon_core.shell:Creating environment descriptor '/home/diyazen/hashika_ws/build/game/share/game/hook/pythonpath_develop.dsv'
[13.786s] INFO:colcon.colcon_core.shell:Creating environment hook '/home/diyazen/hashika_ws/build/game/share/game/hook/pythonpath_develop.sh'
[13.887s] Level 1:colcon.colcon_core.environment:checking '/home/diyazen/hashika_ws/install/game' for CMake module files
[13.890s] Level 1:colcon.colcon_core.environment:checking '/home/diyazen/hashika_ws/install/game' for CMake config files
[13.894s] Level 1:colcon.colcon_core.environment:checking '/home/diyazen/hashika_ws/install/game/lib'
[13.896s] Level 1:colcon.colcon_core.environment:checking '/home/diyazen/hashika_ws/install/game/bin'
[13.896s] Level 1:colcon.colcon_core.environment:checking '/home/diyazen/hashika_ws/install/game/lib/pkgconfig/game.pc'
[13.897s] Level 1:colcon.colcon_core.environment:checking '/home/diyazen/hashika_ws/install/game/lib/python3.10/site-packages'
[13.898s] Level 1:colcon.colcon_core.shell:create_environment_hook('game', 'pythonpath')
[13.971s] INFO:colcon.colcon_core.shell:Creating environment hook '/home/diyazen/hashika_ws/install/game/share/game/hook/pythonpath.ps1'
[13.973s] INFO:colcon.colcon_core.shell:Creating environment descriptor '/home/diyazen/hashika_ws/install/game/share/game/hook/pythonpath.dsv'
[13.974s] INFO:colcon.colcon_core.shell:Creating environment hook '/home/diyazen/hashika_ws/install/game/share/game/hook/pythonpath.sh'
[13.977s] Level 1:colcon.colcon_core.environment:checking '/home/diyazen/hashika_ws/install/game/bin'
[13.977s] Level 1:colcon.colcon_core.environment:create_environment_scripts_only(game)
[14.050s] INFO:colcon.colcon_core.shell:Creating package script '/home/diyazen/hashika_ws/install/game/share/game/package.ps1'
[14.055s] INFO:colcon.colcon_core.shell:Creating package descriptor '/home/diyazen/hashika_ws/install/game/share/game/package.dsv'
[14.061s] INFO:colcon.colcon_core.shell:Creating package script '/home/diyazen/hashika_ws/install/game/share/game/package.sh'
[14.069s] INFO:colcon.colcon_core.shell:Creating package script '/home/diyazen/hashika_ws/install/game/share/game/package.bash'
[14.077s] INFO:colcon.colcon_core.shell:Creating package script '/home/diyazen/hashika_ws/install/game/share/game/package.zsh'
[14.085s] Level 1:colcon.colcon_core.environment:create_file_with_runtime_dependencies(/home/diyazen/hashika_ws/install/game/share/colcon-core/packages/game)
[14.087s] DEBUG:colcon.colcon_parallel_executor.executor.parallel:closing loop
[14.088s] DEBUG:colcon.colcon_parallel_executor.executor.parallel:loop closed
[14.089s] DEBUG:colcon.colcon_parallel_executor.executor.parallel:run_until_complete finished with '0'
[14.089s] DEBUG:colcon.colcon_core.event_reactor:joining thread
[14.191s] INFO:colcon.colcon_core.plugin_system:Skipping extension 'colcon_notification.desktop_notification.terminal_notifier': Not used on non-Darwin systems
[14.192s] INFO:colcon.colcon_core.plugin_system:Skipping extension 'colcon_notification.desktop_notification.win32': Not used on non-Windows systems
[14.192s] INFO:colcon.colcon_notification.desktop_notification:Sending desktop notification using 'notify2'
[14.314s] DEBUG:colcon.colcon_core.event_reactor:joined thread
[14.462s] INFO:colcon.colcon_core.shell:Creating prefix script '/home/diyazen/hashika_ws/install/local_setup.ps1'
[14.467s] INFO:colcon.colcon_core.shell:Creating prefix util module '/home/diyazen/hashika_ws/install/_local_setup_util_ps1.py'
[14.477s] INFO:colcon.colcon_core.shell:Creating prefix chain script '/home/diyazen/hashika_ws/install/setup.ps1'
[14.586s] INFO:colcon.colcon_core.shell:Creating prefix script '/home/diyazen/hashika_ws/install/local_setup.sh'
[14.595s] INFO:colcon.colcon_core.shell:Creating prefix util module '/home/diyazen/hashika_ws/install/_local_setup_util_sh.py'
[14.597s] INFO:colcon.colcon_core.shell:Creating prefix chain script '/home/diyazen/hashika_ws/install/setup.sh'
[14.678s] INFO:colcon.colcon_core.shell:Creating prefix script '/home/diyazen/hashika_ws/install/local_setup.bash'
[14.684s] INFO:colcon.colcon_core.shell:Creating prefix chain script '/home/diyazen/hashika_ws/install/setup.bash'
[14.764s] INFO:colcon.colcon_core.shell:Creating prefix script '/home/diyazen/hashika_ws/install/local_setup.zsh'
[14.770s] INFO:colcon.colcon_core.shell:Creating prefix chain script '/home/diyazen/hashika_ws/install/setup.zsh'
