[5.488s] DEBUG:colcon:Command line arguments: ['/usr/bin/colcon', 'build', '--symlink-install']
[5.489s] DEBUG:colcon:Parsed command line arguments: Namespace(log_base=None, log_level=None, verb_name='build', build_base='build', install_base='install', merge_install=False, symlink_install=True, test_result_base=None, continue_on_error=False, executor='parallel', parallel_workers=4, event_handlers=None, ignore_user_meta=False, metas=['./colcon.meta'], base_paths=['.'], packages_ignore=None, packages_ignore_regex=None, paths=None, packages_up_to=None, packages_up_to_regex=None, packages_above=None, packages_above_and_dependencies=None, packages_above_depth=None, packages_select_by_dep=None, packages_skip_by_dep=None, packages_skip_up_to=None, packages_select_build_failed=False, packages_skip_build_finished=False, packages_select_test_failures=False, packages_skip_test_passed=False, packages_select=None, packages_skip=None, packages_select_regex=None, packages_skip_regex=None, packages_start=None, packages_end=None, allow_overriding=[], cmake_args=None, cmake_target=None, cmake_target_skip_unavailable=False, cmake_clean_cache=False, cmake_clean_first=False, cmake_force_configure=False, ament_cmake_args=None, catkin_cmake_args=None, catkin_skip_building_tests=False, verb_parser=<colcon_defaults.argument_parser.defaults.DefaultArgumentsDecorator object at 0xffff94dbd2d0>, verb_extension=<colcon_core.verb.build.BuildVerb object at 0xffff952aacb0>, main=<bound method BuildVerb.main of <colcon_core.verb.build.BuildVerb object at 0xffff952aacb0>>)
[5.802s] Level 1:colcon.colcon_core.package_discovery:discover_packages(colcon_meta) check parameters
[5.803s] Level 1:colcon.colcon_core.package_discovery:discover_packages(recursive) check parameters
[5.803s] Level 1:colcon.colcon_core.package_discovery:discover_packages(ignore) check parameters
[5.803s] Level 1:colcon.colcon_core.package_discovery:discover_packages(path) check parameters
[5.803s] Level 1:colcon.colcon_core.package_discovery:discover_packages(colcon_meta) discover
[5.803s] Level 1:colcon.colcon_core.package_discovery:discover_packages(recursive) discover
[5.804s] INFO:colcon.colcon_core.package_discovery:Crawling recursively for packages in '/home/diyazen/hashika_ws'
[5.804s] Level 1:colcon.colcon_core.package_identification:_identify(.) by extensions ['ignore', 'ignore_ament_install']
[5.804s] Level 1:colcon.colcon_core.package_identification:_identify(.) by extension 'ignore'
[5.805s] Level 1:colcon.colcon_core.package_identification:_identify(.) by extension 'ignore_ament_install'
[5.805s] Level 1:colcon.colcon_core.package_identification:_identify(.) by extensions ['colcon_pkg']
[5.805s] Level 1:colcon.colcon_core.package_identification:_identify(.) by extension 'colcon_pkg'
[5.805s] Level 1:colcon.colcon_core.package_identification:_identify(.) by extensions ['colcon_meta']
[5.806s] Level 1:colcon.colcon_core.package_identification:_identify(.) by extension 'colcon_meta'
[5.806s] Level 1:colcon.colcon_core.package_identification:_identify(.) by extensions ['ros']
[5.806s] Level 1:colcon.colcon_core.package_identification:_identify(.) by extension 'ros'
[5.849s] Level 1:colcon.colcon_core.package_identification:_identify(.) by extensions ['cmake', 'python']
[5.849s] Level 1:colcon.colcon_core.package_identification:_identify(.) by extension 'cmake'
[5.849s] Level 1:colcon.colcon_core.package_identification:_identify(.) by extension 'python'
[5.850s] Level 1:colcon.colcon_core.package_identification:_identify(.) by extensions ['python_setup_py']
[5.850s] Level 1:colcon.colcon_core.package_identification:_identify(.) by extension 'python_setup_py'
[5.850s] Level 1:colcon.colcon_core.package_identification:_identify(build) by extensions ['ignore', 'ignore_ament_install']
[5.851s] Level 1:colcon.colcon_core.package_identification:_identify(build) by extension 'ignore'
[5.851s] Level 1:colcon.colcon_core.package_identification:_identify(build) ignored
[5.852s] Level 1:colcon.colcon_core.package_identification:_identify(install) by extensions ['ignore', 'ignore_ament_install']
[5.852s] Level 1:colcon.colcon_core.package_identification:_identify(install) by extension 'ignore'
[5.852s] Level 1:colcon.colcon_core.package_identification:_identify(install) ignored
[5.853s] Level 1:colcon.colcon_core.package_identification:_identify(log) by extensions ['ignore', 'ignore_ament_install']
[5.853s] Level 1:colcon.colcon_core.package_identification:_identify(log) by extension 'ignore'
[5.853s] Level 1:colcon.colcon_core.package_identification:_identify(log) ignored
[5.854s] Level 1:colcon.colcon_core.package_identification:_identify(src) by extensions ['ignore', 'ignore_ament_install']
[5.854s] Level 1:colcon.colcon_core.package_identification:_identify(src) by extension 'ignore'
[5.854s] Level 1:colcon.colcon_core.package_identification:_identify(src) by extension 'ignore_ament_install'
[5.855s] Level 1:colcon.colcon_core.package_identification:_identify(src) by extensions ['colcon_pkg']
[5.855s] Level 1:colcon.colcon_core.package_identification:_identify(src) by extension 'colcon_pkg'
[5.855s] Level 1:colcon.colcon_core.package_identification:_identify(src) by extensions ['colcon_meta']
[5.855s] Level 1:colcon.colcon_core.package_identification:_identify(src) by extension 'colcon_meta'
[5.855s] Level 1:colcon.colcon_core.package_identification:_identify(src) by extensions ['ros']
[5.856s] Level 1:colcon.colcon_core.package_identification:_identify(src) by extension 'ros'
[5.856s] Level 1:colcon.colcon_core.package_identification:_identify(src) by extensions ['cmake', 'python']
[5.856s] Level 1:colcon.colcon_core.package_identification:_identify(src) by extension 'cmake'
[5.856s] Level 1:colcon.colcon_core.package_identification:_identify(src) by extension 'python'
[5.856s] Level 1:colcon.colcon_core.package_identification:_identify(src) by extensions ['python_setup_py']
[5.857s] Level 1:colcon.colcon_core.package_identification:_identify(src) by extension 'python_setup_py'
[5.857s] Level 1:colcon.colcon_core.package_identification:_identify(src/game) by extensions ['ignore', 'ignore_ament_install']
[5.857s] Level 1:colcon.colcon_core.package_identification:_identify(src/game) by extension 'ignore'
[5.858s] Level 1:colcon.colcon_core.package_identification:_identify(src/game) by extension 'ignore_ament_install'
[5.858s] Level 1:colcon.colcon_core.package_identification:_identify(src/game) by extensions ['colcon_pkg']
[5.858s] Level 1:colcon.colcon_core.package_identification:_identify(src/game) by extension 'colcon_pkg'
[5.858s] Level 1:colcon.colcon_core.package_identification:_identify(src/game) by extensions ['colcon_meta']
[5.859s] Level 1:colcon.colcon_core.package_identification:_identify(src/game) by extension 'colcon_meta'
[5.859s] Level 1:colcon.colcon_core.package_identification:_identify(src/game) by extensions ['ros']
[5.859s] Level 1:colcon.colcon_core.package_identification:_identify(src/game) by extension 'ros'
[5.871s] DEBUG:colcon.colcon_core.package_identification:Package 'src/game' with type 'ros.ament_python' and name 'game'
[5.872s] Level 1:colcon.colcon_core.package_identification:_identify(src/run_game) by extensions ['ignore', 'ignore_ament_install']
[5.873s] Level 1:colcon.colcon_core.package_identification:_identify(src/run_game) by extension 'ignore'
[5.873s] Level 1:colcon.colcon_core.package_identification:_identify(src/run_game) by extension 'ignore_ament_install'
[5.873s] Level 1:colcon.colcon_core.package_identification:_identify(src/run_game) by extensions ['colcon_pkg']
[5.874s] Level 1:colcon.colcon_core.package_identification:_identify(src/run_game) by extension 'colcon_pkg'
[5.874s] Level 1:colcon.colcon_core.package_identification:_identify(src/run_game) by extensions ['colcon_meta']
[5.874s] Level 1:colcon.colcon_core.package_identification:_identify(src/run_game) by extension 'colcon_meta'
[5.874s] Level 1:colcon.colcon_core.package_identification:_identify(src/run_game) by extensions ['ros']
[5.874s] Level 1:colcon.colcon_core.package_identification:_identify(src/run_game) by extension 'ros'
[5.877s] DEBUG:colcon.colcon_core.package_identification:Package 'src/run_game' with type 'ros.ament_cmake' and name 'run_game'
[5.877s] Level 1:colcon.colcon_core.package_discovery:discover_packages(recursive) using defaults
[5.877s] Level 1:colcon.colcon_core.package_discovery:discover_packages(ignore) discover
[5.877s] Level 1:colcon.colcon_core.package_discovery:discover_packages(ignore) using defaults
[5.877s] Level 1:colcon.colcon_core.package_discovery:discover_packages(path) discover
[5.878s] Level 1:colcon.colcon_core.package_discovery:discover_packages(path) using defaults
[6.363s] Level 1:colcon.colcon_core.package_discovery:discover_packages(prefix_path) check parameters
[6.363s] Level 1:colcon.colcon_core.package_discovery:discover_packages(prefix_path) discover
[6.522s] DEBUG:colcon.colcon_installed_package_information.package_discovery:Found 5 installed packages in /home/diyazen/upeksha_ws/install
[6.598s] DEBUG:colcon.colcon_installed_package_information.package_discovery:Found 1 installed packages in /home/diyazen/hashika_ws/install
[6.683s] DEBUG:colcon.colcon_installed_package_information.package_discovery:Found 324 installed packages in /opt/ros/humble
[6.691s] Level 1:colcon.colcon_core.package_discovery:discover_packages(prefix_path) using defaults
[7.366s] Level 5:colcon.colcon_core.verb:set package 'game' build argument 'cmake_args' from command line to 'None'
[7.367s] Level 5:colcon.colcon_core.verb:set package 'game' build argument 'cmake_target' from command line to 'None'
[7.367s] Level 5:colcon.colcon_core.verb:set package 'game' build argument 'cmake_target_skip_unavailable' from command line to 'False'
[7.367s] Level 5:colcon.colcon_core.verb:set package 'game' build argument 'cmake_clean_cache' from command line to 'False'
[7.367s] Level 5:colcon.colcon_core.verb:set package 'game' build argument 'cmake_clean_first' from command line to 'False'
[7.367s] Level 5:colcon.colcon_core.verb:set package 'game' build argument 'cmake_force_configure' from command line to 'False'
[7.367s] Level 5:colcon.colcon_core.verb:set package 'game' build argument 'ament_cmake_args' from command line to 'None'
[7.367s] Level 5:colcon.colcon_core.verb:set package 'game' build argument 'catkin_cmake_args' from command line to 'None'
[7.367s] Level 5:colcon.colcon_core.verb:set package 'game' build argument 'catkin_skip_building_tests' from command line to 'False'
[7.368s] DEBUG:colcon.colcon_core.verb:Building package 'game' with the following arguments: {'ament_cmake_args': None, 'build_base': '/home/diyazen/hashika_ws/build/game', 'catkin_cmake_args': None, 'catkin_skip_building_tests': False, 'cmake_args': None, 'cmake_clean_cache': False, 'cmake_clean_first': False, 'cmake_force_configure': False, 'cmake_target': None, 'cmake_target_skip_unavailable': False, 'install_base': '/home/diyazen/hashika_ws/install/game', 'merge_install': False, 'path': '/home/diyazen/hashika_ws/src/game', 'symlink_install': True, 'test_result_base': None}
[7.440s] Level 5:colcon.colcon_core.verb:set package 'run_game' build argument 'cmake_args' from command line to 'None'
[7.441s] Level 5:colcon.colcon_core.verb:set package 'run_game' build argument 'cmake_target' from command line to 'None'
[7.441s] Level 5:colcon.colcon_core.verb:set package 'run_game' build argument 'cmake_target_skip_unavailable' from command line to 'False'
[7.441s] Level 5:colcon.colcon_core.verb:set package 'run_game' build argument 'cmake_clean_cache' from command line to 'False'
[7.441s] Level 5:colcon.colcon_core.verb:set package 'run_game' build argument 'cmake_clean_first' from command line to 'False'
[7.441s] Level 5:colcon.colcon_core.verb:set package 'run_game' build argument 'cmake_force_configure' from command line to 'False'
[7.441s] Level 5:colcon.colcon_core.verb:set package 'run_game' build argument 'ament_cmake_args' from command line to 'None'
[7.441s] Level 5:colcon.colcon_core.verb:set package 'run_game' build argument 'catkin_cmake_args' from command line to 'None'
[7.442s] Level 5:colcon.colcon_core.verb:set package 'run_game' build argument 'catkin_skip_building_tests' from command line to 'False'
[7.442s] DEBUG:colcon.colcon_core.verb:Building package 'run_game' with the following arguments: {'ament_cmake_args': None, 'build_base': '/home/diyazen/hashika_ws/build/run_game', 'catkin_cmake_args': None, 'catkin_skip_building_tests': False, 'cmake_args': None, 'cmake_clean_cache': False, 'cmake_clean_first': False, 'cmake_force_configure': False, 'cmake_target': None, 'cmake_target_skip_unavailable': False, 'install_base': '/home/diyazen/hashika_ws/install/run_game', 'merge_install': False, 'path': '/home/diyazen/hashika_ws/src/run_game', 'symlink_install': True, 'test_result_base': None}
[7.515s] INFO:colcon.colcon_core.executor:Executing jobs using 'parallel' executor
[7.589s] DEBUG:colcon.colcon_parallel_executor.executor.parallel:run_until_complete
[7.590s] INFO:colcon.colcon_ros.task.ament_python.build:Building ROS package in '/home/diyazen/hashika_ws/src/game' with build type 'ament_python'
[7.590s] Level 1:colcon.colcon_core.shell:create_environment_hook('game', 'ament_prefix_path')
[7.682s] INFO:colcon.colcon_core.plugin_system:Skipping extension 'colcon_core.shell.bat': Not used on non-Windows systems
[7.683s] INFO:colcon.colcon_core.shell:Creating environment hook '/home/diyazen/hashika_ws/install/game/share/game/hook/ament_prefix_path.ps1'
[7.687s] INFO:colcon.colcon_core.shell:Creating environment descriptor '/home/diyazen/hashika_ws/install/game/share/game/hook/ament_prefix_path.dsv'
[7.693s] INFO:colcon.colcon_core.shell:Creating environment hook '/home/diyazen/hashika_ws/install/game/share/game/hook/ament_prefix_path.sh'
[7.777s] INFO:colcon.colcon_core.shell:Skip shell extension 'powershell' for command environment: Not usable outside of PowerShell
[7.777s] DEBUG:colcon.colcon_core.shell:Skip shell extension 'dsv' for command environment
[9.365s] INFO:colcon.colcon_core.task.python.build:Building Python package in '/home/diyazen/hashika_ws/src/game'
[9.442s] INFO:colcon.colcon_core.shell:Skip shell extension 'powershell' for command environment: Not usable outside of PowerShell
[9.442s] DEBUG:colcon.colcon_core.shell:Skip shell extension 'dsv' for command environment
[11.469s] DEBUG:colcon.colcon_core.event_handler.log_command:Invoking command in '/home/diyazen/hashika_ws/build/game': PYTHONPATH=/home/diyazen/hashika_ws/build/game/prefix_override:/home/diyazen/hashika_ws/install/game/lib/python3.10/site-packages:${PYTHONPATH} /usr/bin/python3 setup.py develop --editable --build-directory /home/diyazen/hashika_ws/build/game/build --no-deps install_data
[13.826s] Level 1:colcon.colcon_core.shell:create_environment_hook('game', 'pythonpath_develop')
[13.828s] DEBUG:colcon.colcon_core.event_handler.log_command:Invoked command in '/home/diyazen/hashika_ws/build/game' returned '0': PYTHONPATH=/home/diyazen/hashika_ws/build/game/prefix_override:/home/diyazen/hashika_ws/install/game/lib/python3.10/site-packages:${PYTHONPATH} /usr/bin/python3 setup.py develop --editable --build-directory /home/diyazen/hashika_ws/build/game/build --no-deps install_data
[13.905s] INFO:colcon.colcon_core.shell:Creating environment hook '/home/diyazen/hashika_ws/build/game/share/game/hook/pythonpath_develop.ps1'
[13.907s] INFO:colcon.colcon_core.shell:Creating environment descriptor '/home/diyazen/hashika_ws/build/game/share/game/hook/pythonpath_develop.dsv'
[13.909s] INFO:colcon.colcon_core.shell:Creating environment hook '/home/diyazen/hashika_ws/build/game/share/game/hook/pythonpath_develop.sh'
[14.005s] Level 1:colcon.colcon_core.environment:checking '/home/diyazen/hashika_ws/install/game' for CMake module files
[14.008s] Level 1:colcon.colcon_core.environment:checking '/home/diyazen/hashika_ws/install/game' for CMake config files
[14.012s] Level 1:colcon.colcon_core.environment:checking '/home/diyazen/hashika_ws/install/game/lib'
[14.013s] Level 1:colcon.colcon_core.environment:checking '/home/diyazen/hashika_ws/install/game/bin'
[14.013s] Level 1:colcon.colcon_core.environment:checking '/home/diyazen/hashika_ws/install/game/lib/pkgconfig/game.pc'
[14.014s] Level 1:colcon.colcon_core.environment:checking '/home/diyazen/hashika_ws/install/game/lib/python3.10/site-packages'
[14.015s] Level 1:colcon.colcon_core.shell:create_environment_hook('game', 'pythonpath')
[14.089s] INFO:colcon.colcon_core.shell:Creating environment hook '/home/diyazen/hashika_ws/install/game/share/game/hook/pythonpath.ps1'
[14.092s] INFO:colcon.colcon_core.shell:Creating environment descriptor '/home/diyazen/hashika_ws/install/game/share/game/hook/pythonpath.dsv'
[14.093s] INFO:colcon.colcon_core.shell:Creating environment hook '/home/diyazen/hashika_ws/install/game/share/game/hook/pythonpath.sh'
[14.096s] Level 1:colcon.colcon_core.environment:checking '/home/diyazen/hashika_ws/install/game/bin'
[14.096s] Level 1:colcon.colcon_core.environment:create_environment_scripts_only(game)
[14.169s] INFO:colcon.colcon_core.shell:Creating package script '/home/diyazen/hashika_ws/install/game/share/game/package.ps1'
[14.174s] INFO:colcon.colcon_core.shell:Creating package descriptor '/home/diyazen/hashika_ws/install/game/share/game/package.dsv'
[14.181s] INFO:colcon.colcon_core.shell:Creating package script '/home/diyazen/hashika_ws/install/game/share/game/package.sh'
[14.188s] INFO:colcon.colcon_core.shell:Creating package script '/home/diyazen/hashika_ws/install/game/share/game/package.bash'
[14.194s] INFO:colcon.colcon_core.shell:Creating package script '/home/diyazen/hashika_ws/install/game/share/game/package.zsh'
[14.202s] Level 1:colcon.colcon_core.environment:create_file_with_runtime_dependencies(/home/diyazen/hashika_ws/install/game/share/colcon-core/packages/game)
[14.204s] INFO:colcon.colcon_ros.task.ament_cmake.build:Building ROS package in '/home/diyazen/hashika_ws/src/run_game' with build type 'ament_cmake'
[14.204s] INFO:colcon.colcon_cmake.task.cmake.build:Building CMake package in '/home/diyazen/hashika_ws/src/run_game'
[14.282s] INFO:colcon.colcon_core.shell:Skip shell extension 'powershell' for command environment: Not usable outside of PowerShell
[14.282s] DEBUG:colcon.colcon_core.shell:Skip shell extension 'dsv' for command environment
[14.620s] DEBUG:colcon.colcon_core.event_handler.log_command:Invoking command in '/home/diyazen/hashika_ws/build/run_game': CMAKE_PREFIX_PATH=${CMAKE_PREFIX_PATH}:/home/diyazen/hashika_ws/install/game:/home/diyazen/upeksha_ws/install/ros2_bno055:/home/diyazen/upeksha_ws/install/py_pubsub:/home/diyazen/upeksha_ws/install/bno055:/opt/ros/humble /usr/bin/cmake /home/diyazen/hashika_ws/src/run_game -DAMENT_CMAKE_SYMLINK_INSTALL=1 -DCMAKE_INSTALL_PREFIX=/home/diyazen/hashika_ws/install/run_game
[19.445s] DEBUG:colcon.colcon_core.event_handler.log_command:Invoked command in '/home/diyazen/hashika_ws/build/run_game' returned '1': CMAKE_PREFIX_PATH=${CMAKE_PREFIX_PATH}:/home/diyazen/hashika_ws/install/game:/home/diyazen/upeksha_ws/install/ros2_bno055:/home/diyazen/upeksha_ws/install/py_pubsub:/home/diyazen/upeksha_ws/install/bno055:/opt/ros/humble /usr/bin/cmake /home/diyazen/hashika_ws/src/run_game -DAMENT_CMAKE_SYMLINK_INSTALL=1 -DCMAKE_INSTALL_PREFIX=/home/diyazen/hashika_ws/install/run_game
[19.488s] Level 1:colcon.colcon_core.environment:create_environment_scripts_only(run_game)
[19.566s] Level 1:colcon.colcon_core.environment:checking '/home/diyazen/hashika_ws/install/run_game' for CMake module files
[19.567s] Level 1:colcon.colcon_core.environment:checking '/home/diyazen/hashika_ws/install/run_game' for CMake config files
[19.568s] Level 1:colcon.colcon_core.environment:checking '/home/diyazen/hashika_ws/install/run_game/bin'
[19.568s] Level 1:colcon.colcon_core.environment:checking '/home/diyazen/hashika_ws/install/run_game/lib/pkgconfig/run_game.pc'
[19.569s] Level 1:colcon.colcon_core.environment:checking '/home/diyazen/hashika_ws/install/run_game/lib/python3.10/site-packages'
[19.570s] Level 1:colcon.colcon_core.environment:checking '/home/diyazen/hashika_ws/install/run_game/bin'
[19.645s] INFO:colcon.colcon_core.shell:Creating package script '/home/diyazen/hashika_ws/install/run_game/share/run_game/package.ps1'
[19.647s] INFO:colcon.colcon_core.shell:Creating package descriptor '/home/diyazen/hashika_ws/install/run_game/share/run_game/package.dsv'
[19.649s] INFO:colcon.colcon_core.shell:Creating package script '/home/diyazen/hashika_ws/install/run_game/share/run_game/package.sh'
[19.650s] INFO:colcon.colcon_core.shell:Creating package script '/home/diyazen/hashika_ws/install/run_game/share/run_game/package.bash'
[19.652s] INFO:colcon.colcon_core.shell:Creating package script '/home/diyazen/hashika_ws/install/run_game/share/run_game/package.zsh'
[19.653s] Level 1:colcon.colcon_core.environment:create_file_with_runtime_dependencies(/home/diyazen/hashika_ws/install/run_game/share/colcon-core/packages/run_game)
[19.664s] DEBUG:colcon.colcon_parallel_executor.executor.parallel:closing loop
[19.665s] DEBUG:colcon.colcon_parallel_executor.executor.parallel:loop closed
[19.665s] DEBUG:colcon.colcon_parallel_executor.executor.parallel:run_until_complete finished with '1'
[19.666s] DEBUG:colcon.colcon_core.event_reactor:joining thread
[19.773s] INFO:colcon.colcon_core.plugin_system:Skipping extension 'colcon_notification.desktop_notification.terminal_notifier': Not used on non-Darwin systems
[19.774s] INFO:colcon.colcon_core.plugin_system:Skipping extension 'colcon_notification.desktop_notification.win32': Not used on non-Windows systems
[19.774s] INFO:colcon.colcon_notification.desktop_notification:Sending desktop notification using 'notify2'
[19.837s] DEBUG:colcon.colcon_core.event_reactor:joined thread
[19.912s] INFO:colcon.colcon_core.shell:Creating prefix script '/home/diyazen/hashika_ws/install/local_setup.ps1'
[19.917s] INFO:colcon.colcon_core.shell:Creating prefix util module '/home/diyazen/hashika_ws/install/_local_setup_util_ps1.py'
[19.927s] INFO:colcon.colcon_core.shell:Creating prefix chain script '/home/diyazen/hashika_ws/install/setup.ps1'
[20.007s] INFO:colcon.colcon_core.shell:Creating prefix script '/home/diyazen/hashika_ws/install/local_setup.sh'
[20.016s] INFO:colcon.colcon_core.shell:Creating prefix util module '/home/diyazen/hashika_ws/install/_local_setup_util_sh.py'
[20.018s] INFO:colcon.colcon_core.shell:Creating prefix chain script '/home/diyazen/hashika_ws/install/setup.sh'
[20.101s] INFO:colcon.colcon_core.shell:Creating prefix script '/home/diyazen/hashika_ws/install/local_setup.bash'
[20.107s] INFO:colcon.colcon_core.shell:Creating prefix chain script '/home/diyazen/hashika_ws/install/setup.bash'
[20.188s] INFO:colcon.colcon_core.shell:Creating prefix script '/home/diyazen/hashika_ws/install/local_setup.zsh'
[20.194s] INFO:colcon.colcon_core.shell:Creating prefix chain script '/home/diyazen/hashika_ws/install/setup.zsh'
