[3.922s] Invoking command in '/home/diyazen/hashika_ws/build/game': PYTHONPATH=/home/diyazen/hashika_ws/build/game/prefix_override:/home/diyazen/hashika_ws/install/game/lib/python3.10/site-packages:${PYTHONPATH} /usr/bin/python3 setup.py develop --editable --build-directory /home/diyazen/hashika_ws/build/game/build --no-deps install_data
[5.176s] running develop
[5.177s] /usr/lib/python3/dist-packages/setuptools/command/easy_install.py:158: EasyInstallDeprecationWarning: easy_install command is deprecated. Use build and pip and other standards-based tools.
[5.177s]   warnings.warn(
[5.183s] /usr/lib/python3/dist-packages/setuptools/command/install.py:34: SetuptoolsDeprecationWarning: setup.py install is deprecated. Use build and pip and other standards-based tools.
[5.183s]   warnings.warn(
[5.267s] /usr/lib/python3/dist-packages/pkg_resources/__init__.py:116: PkgResourcesDeprecationWarning: 0.4.1. is an invalid version and will not be supported in a future release
[5.268s]   warnings.warn(
[6.081s] running egg_info
[6.082s] writing game.egg-info/PKG-INFO
[6.083s] writing dependency_links to game.egg-info/dependency_links.txt
[6.084s] writing entry points to game.egg-info/entry_points.txt
[6.084s] writing requirements to game.egg-info/requires.txt
[6.085s] writing top-level names to game.egg-info/top_level.txt
[6.094s] reading manifest file 'game.egg-info/SOURCES.txt'
[6.097s] writing manifest file 'game.egg-info/SOURCES.txt'
[6.103s] running build_ext
[6.104s] Creating /home/diyazen/hashika_ws/install/game/lib/python3.10/site-packages/game.egg-link (link to .)
[6.108s] Installing aruco_detection script to /home/diyazen/hashika_ws/install/game/lib/game
[6.108s] Installing movements script to /home/diyazen/hashika_ws/install/game/lib/game
[6.110s] 
[6.110s] Installed /home/diyazen/hashika_ws/build/game
[6.111s] running install_data
[6.248s] Invoked command in '/home/diyazen/hashika_ws/build/game' returned '0': PYTHONPATH=/home/diyazen/hashika_ws/build/game/prefix_override:/home/diyazen/hashika_ws/install/game/lib/python3.10/site-packages:${PYTHONPATH} /usr/bin/python3 setup.py develop --editable --build-directory /home/diyazen/hashika_ws/build/game/build --no-deps install_data
