[5.442s] DEBUG:colcon:Command line arguments: ['/usr/bin/colcon', 'build', '--symlink-install']
[5.442s] DEBUG:colcon:Parsed command line arguments: Namespace(log_base=None, log_level=None, verb_name='build', build_base='build', install_base='install', merge_install=False, symlink_install=True, test_result_base=None, continue_on_error=False, executor='parallel', parallel_workers=4, event_handlers=None, ignore_user_meta=False, metas=['./colcon.meta'], base_paths=['.'], packages_ignore=None, packages_ignore_regex=None, paths=None, packages_up_to=None, packages_up_to_regex=None, packages_above=None, packages_above_and_dependencies=None, packages_above_depth=None, packages_select_by_dep=None, packages_skip_by_dep=None, packages_skip_up_to=None, packages_select_build_failed=False, packages_skip_build_finished=False, packages_select_test_failures=False, packages_skip_test_passed=False, packages_select=None, packages_skip=None, packages_select_regex=None, packages_skip_regex=None, packages_start=None, packages_end=None, allow_overriding=[], cmake_args=None, cmake_target=None, cmake_target_skip_unavailable=False, cmake_clean_cache=False, cmake_clean_first=False, cmake_force_configure=False, ament_cmake_args=None, catkin_cmake_args=None, catkin_skip_building_tests=False, verb_parser=<colcon_defaults.argument_parser.defaults.DefaultArgumentsDecorator object at 0xffff99b74df0>, verb_extension=<colcon_core.verb.build.BuildVerb object at 0xffff9a08ab00>, main=<bound method BuildVerb.main of <colcon_core.verb.build.BuildVerb object at 0xffff9a08ab00>>)
[5.756s] Level 1:colcon.colcon_core.package_discovery:discover_packages(colcon_meta) check parameters
[5.757s] Level 1:colcon.colcon_core.package_discovery:discover_packages(recursive) check parameters
[5.757s] Level 1:colcon.colcon_core.package_discovery:discover_packages(ignore) check parameters
[5.757s] Level 1:colcon.colcon_core.package_discovery:discover_packages(path) check parameters
[5.757s] Level 1:colcon.colcon_core.package_discovery:discover_packages(colcon_meta) discover
[5.757s] Level 1:colcon.colcon_core.package_discovery:discover_packages(recursive) discover
[5.757s] INFO:colcon.colcon_core.package_discovery:Crawling recursively for packages in '/home/diyazen/hashika_ws'
[5.758s] Level 1:colcon.colcon_core.package_identification:_identify(.) by extensions ['ignore', 'ignore_ament_install']
[5.758s] Level 1:colcon.colcon_core.package_identification:_identify(.) by extension 'ignore'
[5.758s] Level 1:colcon.colcon_core.package_identification:_identify(.) by extension 'ignore_ament_install'
[5.759s] Level 1:colcon.colcon_core.package_identification:_identify(.) by extensions ['colcon_pkg']
[5.759s] Level 1:colcon.colcon_core.package_identification:_identify(.) by extension 'colcon_pkg'
[5.759s] Level 1:colcon.colcon_core.package_identification:_identify(.) by extensions ['colcon_meta']
[5.759s] Level 1:colcon.colcon_core.package_identification:_identify(.) by extension 'colcon_meta'
[5.759s] Level 1:colcon.colcon_core.package_identification:_identify(.) by extensions ['ros']
[5.760s] Level 1:colcon.colcon_core.package_identification:_identify(.) by extension 'ros'
[5.824s] Level 1:colcon.colcon_core.package_identification:_identify(.) by extensions ['cmake', 'python']
[5.824s] Level 1:colcon.colcon_core.package_identification:_identify(.) by extension 'cmake'
[5.825s] Level 1:colcon.colcon_core.package_identification:_identify(.) by extension 'python'
[5.825s] Level 1:colcon.colcon_core.package_identification:_identify(.) by extensions ['python_setup_py']
[5.825s] Level 1:colcon.colcon_core.package_identification:_identify(.) by extension 'python_setup_py'
[5.825s] Level 1:colcon.colcon_core.package_identification:_identify(build) by extensions ['ignore', 'ignore_ament_install']
[5.826s] Level 1:colcon.colcon_core.package_identification:_identify(build) by extension 'ignore'
[5.826s] Level 1:colcon.colcon_core.package_identification:_identify(build) ignored
[5.827s] Level 1:colcon.colcon_core.package_identification:_identify(install) by extensions ['ignore', 'ignore_ament_install']
[5.827s] Level 1:colcon.colcon_core.package_identification:_identify(install) by extension 'ignore'
[5.827s] Level 1:colcon.colcon_core.package_identification:_identify(install) ignored
[5.828s] Level 1:colcon.colcon_core.package_identification:_identify(log) by extensions ['ignore', 'ignore_ament_install']
[5.828s] Level 1:colcon.colcon_core.package_identification:_identify(log) by extension 'ignore'
[5.828s] Level 1:colcon.colcon_core.package_identification:_identify(log) ignored
[5.829s] Level 1:colcon.colcon_core.package_identification:_identify(src) by extensions ['ignore', 'ignore_ament_install']
[5.829s] Level 1:colcon.colcon_core.package_identification:_identify(src) by extension 'ignore'
[5.829s] Level 1:colcon.colcon_core.package_identification:_identify(src) by extension 'ignore_ament_install'
[5.830s] Level 1:colcon.colcon_core.package_identification:_identify(src) by extensions ['colcon_pkg']
[5.830s] Level 1:colcon.colcon_core.package_identification:_identify(src) by extension 'colcon_pkg'
[5.830s] Level 1:colcon.colcon_core.package_identification:_identify(src) by extensions ['colcon_meta']
[5.830s] Level 1:colcon.colcon_core.package_identification:_identify(src) by extension 'colcon_meta'
[5.830s] Level 1:colcon.colcon_core.package_identification:_identify(src) by extensions ['ros']
[5.830s] Level 1:colcon.colcon_core.package_identification:_identify(src) by extension 'ros'
[5.831s] Level 1:colcon.colcon_core.package_identification:_identify(src) by extensions ['cmake', 'python']
[5.831s] Level 1:colcon.colcon_core.package_identification:_identify(src) by extension 'cmake'
[5.831s] Level 1:colcon.colcon_core.package_identification:_identify(src) by extension 'python'
[5.831s] Level 1:colcon.colcon_core.package_identification:_identify(src) by extensions ['python_setup_py']
[5.831s] Level 1:colcon.colcon_core.package_identification:_identify(src) by extension 'python_setup_py'
[5.832s] Level 1:colcon.colcon_core.package_identification:_identify(src/game) by extensions ['ignore', 'ignore_ament_install']
[5.832s] Level 1:colcon.colcon_core.package_identification:_identify(src/game) by extension 'ignore'
[5.833s] Level 1:colcon.colcon_core.package_identification:_identify(src/game) by extension 'ignore_ament_install'
[5.833s] Level 1:colcon.colcon_core.package_identification:_identify(src/game) by extensions ['colcon_pkg']
[5.833s] Level 1:colcon.colcon_core.package_identification:_identify(src/game) by extension 'colcon_pkg'
[5.833s] Level 1:colcon.colcon_core.package_identification:_identify(src/game) by extensions ['colcon_meta']
[5.833s] Level 1:colcon.colcon_core.package_identification:_identify(src/game) by extension 'colcon_meta'
[5.834s] Level 1:colcon.colcon_core.package_identification:_identify(src/game) by extensions ['ros']
[5.834s] Level 1:colcon.colcon_core.package_identification:_identify(src/game) by extension 'ros'
[5.845s] DEBUG:colcon.colcon_core.package_identification:Package 'src/game' with type 'ros.ament_python' and name 'game'
[5.846s] Level 1:colcon.colcon_core.package_identification:_identify(src/launch) by extensions ['ignore', 'ignore_ament_install']
[5.846s] Level 1:colcon.colcon_core.package_identification:_identify(src/launch) by extension 'ignore'
[5.847s] Level 1:colcon.colcon_core.package_identification:_identify(src/launch) by extension 'ignore_ament_install'
[5.847s] Level 1:colcon.colcon_core.package_identification:_identify(src/launch) by extensions ['colcon_pkg']
[5.847s] Level 1:colcon.colcon_core.package_identification:_identify(src/launch) by extension 'colcon_pkg'
[5.847s] Level 1:colcon.colcon_core.package_identification:_identify(src/launch) by extensions ['colcon_meta']
[5.848s] Level 1:colcon.colcon_core.package_identification:_identify(src/launch) by extension 'colcon_meta'
[5.848s] Level 1:colcon.colcon_core.package_identification:_identify(src/launch) by extensions ['ros']
[5.848s] Level 1:colcon.colcon_core.package_identification:_identify(src/launch) by extension 'ros'
[5.848s] Level 1:colcon.colcon_core.package_identification:_identify(src/launch) by extensions ['cmake', 'python']
[5.849s] Level 1:colcon.colcon_core.package_identification:_identify(src/launch) by extension 'cmake'
[5.849s] Level 1:colcon.colcon_core.package_identification:_identify(src/launch) by extension 'python'
[5.849s] Level 1:colcon.colcon_core.package_identification:_identify(src/launch) by extensions ['python_setup_py']
[5.849s] Level 1:colcon.colcon_core.package_identification:_identify(src/launch) by extension 'python_setup_py'
[5.849s] Level 1:colcon.colcon_core.package_discovery:discover_packages(recursive) using defaults
[5.850s] Level 1:colcon.colcon_core.package_discovery:discover_packages(ignore) discover
[5.850s] Level 1:colcon.colcon_core.package_discovery:discover_packages(ignore) using defaults
[5.850s] Level 1:colcon.colcon_core.package_discovery:discover_packages(path) discover
[5.850s] Level 1:colcon.colcon_core.package_discovery:discover_packages(path) using defaults
[6.342s] Level 1:colcon.colcon_core.package_discovery:discover_packages(prefix_path) check parameters
[6.342s] Level 1:colcon.colcon_core.package_discovery:discover_packages(prefix_path) discover
[6.500s] DEBUG:colcon.colcon_installed_package_information.package_discovery:Found 5 installed packages in /home/diyazen/upeksha_ws/install
[6.580s] DEBUG:colcon.colcon_installed_package_information.package_discovery:Found 323 installed packages in /opt/ros/humble
[6.587s] Level 1:colcon.colcon_core.package_discovery:discover_packages(prefix_path) using defaults
[7.078s] Level 5:colcon.colcon_core.verb:set package 'game' build argument 'cmake_args' from command line to 'None'
[7.079s] Level 5:colcon.colcon_core.verb:set package 'game' build argument 'cmake_target' from command line to 'None'
[7.079s] Level 5:colcon.colcon_core.verb:set package 'game' build argument 'cmake_target_skip_unavailable' from command line to 'False'
[7.079s] Level 5:colcon.colcon_core.verb:set package 'game' build argument 'cmake_clean_cache' from command line to 'False'
[7.079s] Level 5:colcon.colcon_core.verb:set package 'game' build argument 'cmake_clean_first' from command line to 'False'
[7.079s] Level 5:colcon.colcon_core.verb:set package 'game' build argument 'cmake_force_configure' from command line to 'False'
[7.079s] Level 5:colcon.colcon_core.verb:set package 'game' build argument 'ament_cmake_args' from command line to 'None'
[7.079s] Level 5:colcon.colcon_core.verb:set package 'game' build argument 'catkin_cmake_args' from command line to 'None'
[7.079s] Level 5:colcon.colcon_core.verb:set package 'game' build argument 'catkin_skip_building_tests' from command line to 'False'
[7.079s] DEBUG:colcon.colcon_core.verb:Building package 'game' with the following arguments: {'ament_cmake_args': None, 'build_base': '/home/diyazen/hashika_ws/build/game', 'catkin_cmake_args': None, 'catkin_skip_building_tests': False, 'cmake_args': None, 'cmake_clean_cache': False, 'cmake_clean_first': False, 'cmake_force_configure': False, 'cmake_target': None, 'cmake_target_skip_unavailable': False, 'install_base': '/home/diyazen/hashika_ws/install/game', 'merge_install': False, 'path': '/home/diyazen/hashika_ws/src/game', 'symlink_install': True, 'test_result_base': None}
[7.150s] INFO:colcon.colcon_core.executor:Executing jobs using 'parallel' executor
[7.225s] DEBUG:colcon.colcon_parallel_executor.executor.parallel:run_until_complete
[7.226s] INFO:colcon.colcon_ros.task.ament_python.build:Building ROS package in '/home/diyazen/hashika_ws/src/game' with build type 'ament_python'
[7.227s] Level 1:colcon.colcon_core.shell:create_environment_hook('game', 'ament_prefix_path')
[7.315s] INFO:colcon.colcon_core.plugin_system:Skipping extension 'colcon_core.shell.bat': Not used on non-Windows systems
[7.316s] INFO:colcon.colcon_core.shell:Creating environment hook '/home/diyazen/hashika_ws/install/game/share/game/hook/ament_prefix_path.ps1'
[7.320s] INFO:colcon.colcon_core.shell:Creating environment descriptor '/home/diyazen/hashika_ws/install/game/share/game/hook/ament_prefix_path.dsv'
[7.326s] INFO:colcon.colcon_core.shell:Creating environment hook '/home/diyazen/hashika_ws/install/game/share/game/hook/ament_prefix_path.sh'
[7.408s] INFO:colcon.colcon_core.shell:Skip shell extension 'powershell' for command environment: Not usable outside of PowerShell
[7.408s] DEBUG:colcon.colcon_core.shell:Skip shell extension 'dsv' for command environment
[8.918s] INFO:colcon.colcon_core.task.python.build:Building Python package in '/home/diyazen/hashika_ws/src/game'
[8.995s] INFO:colcon.colcon_core.shell:Skip shell extension 'powershell' for command environment: Not usable outside of PowerShell
[8.996s] DEBUG:colcon.colcon_core.shell:Skip shell extension 'dsv' for command environment
[11.184s] DEBUG:colcon.colcon_core.event_handler.log_command:Invoking command in '/home/diyazen/hashika_ws/build/game': PYTHONPATH=/home/diyazen/hashika_ws/build/game/prefix_override:/home/diyazen/hashika_ws/install/game/lib/python3.10/site-packages:${PYTHONPATH} /usr/bin/python3 setup.py develop --editable --build-directory /home/diyazen/hashika_ws/build/game/build --no-deps install_data
[13.580s] Level 1:colcon.colcon_core.shell:create_environment_hook('game', 'pythonpath_develop')
[13.582s] DEBUG:colcon.colcon_core.event_handler.log_command:Invoked command in '/home/diyazen/hashika_ws/build/game' returned '0': PYTHONPATH=/home/diyazen/hashika_ws/build/game/prefix_override:/home/diyazen/hashika_ws/install/game/lib/python3.10/site-packages:${PYTHONPATH} /usr/bin/python3 setup.py develop --editable --build-directory /home/diyazen/hashika_ws/build/game/build --no-deps install_data
[13.683s] INFO:colcon.colcon_core.shell:Creating environment hook '/home/diyazen/hashika_ws/build/game/share/game/hook/pythonpath_develop.ps1'
[13.687s] INFO:colcon.colcon_core.shell:Creating environment descriptor '/home/diyazen/hashika_ws/build/game/share/game/hook/pythonpath_develop.dsv'
[13.689s] INFO:colcon.colcon_core.shell:Creating environment hook '/home/diyazen/hashika_ws/build/game/share/game/hook/pythonpath_develop.sh'
[13.803s] Level 1:colcon.colcon_core.environment:checking '/home/diyazen/hashika_ws/install/game' for CMake module files
[13.806s] Level 1:colcon.colcon_core.environment:checking '/home/diyazen/hashika_ws/install/game' for CMake config files
[13.810s] Level 1:colcon.colcon_core.environment:checking '/home/diyazen/hashika_ws/install/game/lib'
[13.811s] Level 1:colcon.colcon_core.environment:checking '/home/diyazen/hashika_ws/install/game/bin'
[13.811s] Level 1:colcon.colcon_core.environment:checking '/home/diyazen/hashika_ws/install/game/lib/pkgconfig/game.pc'
[13.812s] Level 1:colcon.colcon_core.environment:checking '/home/diyazen/hashika_ws/install/game/lib/python3.10/site-packages'
[13.812s] Level 1:colcon.colcon_core.shell:create_environment_hook('game', 'pythonpath')
[13.888s] INFO:colcon.colcon_core.shell:Creating environment hook '/home/diyazen/hashika_ws/install/game/share/game/hook/pythonpath.ps1'
[13.890s] INFO:colcon.colcon_core.shell:Creating environment descriptor '/home/diyazen/hashika_ws/install/game/share/game/hook/pythonpath.dsv'
[13.891s] INFO:colcon.colcon_core.shell:Creating environment hook '/home/diyazen/hashika_ws/install/game/share/game/hook/pythonpath.sh'
[13.894s] Level 1:colcon.colcon_core.environment:checking '/home/diyazen/hashika_ws/install/game/bin'
[13.895s] Level 1:colcon.colcon_core.environment:create_environment_scripts_only(game)
[13.968s] INFO:colcon.colcon_core.shell:Creating package script '/home/diyazen/hashika_ws/install/game/share/game/package.ps1'
[13.973s] INFO:colcon.colcon_core.shell:Creating package descriptor '/home/diyazen/hashika_ws/install/game/share/game/package.dsv'
[13.977s] INFO:colcon.colcon_core.shell:Creating package script '/home/diyazen/hashika_ws/install/game/share/game/package.sh'
[13.983s] INFO:colcon.colcon_core.shell:Creating package script '/home/diyazen/hashika_ws/install/game/share/game/package.bash'
[13.988s] INFO:colcon.colcon_core.shell:Creating package script '/home/diyazen/hashika_ws/install/game/share/game/package.zsh'
[13.993s] Level 1:colcon.colcon_core.environment:create_file_with_runtime_dependencies(/home/diyazen/hashika_ws/install/game/share/colcon-core/packages/game)
[13.994s] DEBUG:colcon.colcon_parallel_executor.executor.parallel:closing loop
[13.995s] DEBUG:colcon.colcon_parallel_executor.executor.parallel:loop closed
[13.996s] DEBUG:colcon.colcon_parallel_executor.executor.parallel:run_until_complete finished with '0'
[13.996s] DEBUG:colcon.colcon_core.event_reactor:joining thread
[14.102s] INFO:colcon.colcon_core.plugin_system:Skipping extension 'colcon_notification.desktop_notification.terminal_notifier': Not used on non-Darwin systems
[14.102s] INFO:colcon.colcon_core.plugin_system:Skipping extension 'colcon_notification.desktop_notification.win32': Not used on non-Windows systems
[14.102s] INFO:colcon.colcon_notification.desktop_notification:Sending desktop notification using 'notify2'
[14.155s] DEBUG:colcon.colcon_core.event_reactor:joined thread
[14.227s] INFO:colcon.colcon_core.shell:Creating prefix script '/home/diyazen/hashika_ws/install/local_setup.ps1'
[14.232s] INFO:colcon.colcon_core.shell:Creating prefix util module '/home/diyazen/hashika_ws/install/_local_setup_util_ps1.py'
[14.239s] INFO:colcon.colcon_core.shell:Creating prefix chain script '/home/diyazen/hashika_ws/install/setup.ps1'
[14.318s] INFO:colcon.colcon_core.shell:Creating prefix script '/home/diyazen/hashika_ws/install/local_setup.sh'
[14.325s] INFO:colcon.colcon_core.shell:Creating prefix util module '/home/diyazen/hashika_ws/install/_local_setup_util_sh.py'
[14.327s] INFO:colcon.colcon_core.shell:Creating prefix chain script '/home/diyazen/hashika_ws/install/setup.sh'
[14.409s] INFO:colcon.colcon_core.shell:Creating prefix script '/home/diyazen/hashika_ws/install/local_setup.bash'
[14.412s] INFO:colcon.colcon_core.shell:Creating prefix chain script '/home/diyazen/hashika_ws/install/setup.bash'
[14.492s] INFO:colcon.colcon_core.shell:Creating prefix script '/home/diyazen/hashika_ws/install/local_setup.zsh'
[14.495s] INFO:colcon.colcon_core.shell:Creating prefix chain script '/home/diyazen/hashika_ws/install/setup.zsh'
