[5.171s] Invoking command in '/home/diyazen/hashika_ws/build/game': PYTHONPATH=/home/diyazen/hashika_ws/build/game/prefix_override:/home/diyazen/hashika_ws/install/game/lib/python3.10/site-packages:${PYTHONPATH} /usr/bin/python3 setup.py develop --editable --build-directory /home/diyazen/hashika_ws/build/game/build --no-deps install_data
[6.776s] running develop
[6.794s] /usr/lib/python3/dist-packages/setuptools/command/easy_install.py:158: EasyInstallDeprecationWarning: easy_install command is deprecated. Use build and pip and other standards-based tools.
[6.795s]   warnings.warn(
[6.810s] /usr/lib/python3/dist-packages/setuptools/command/install.py:34: SetuptoolsDeprecationWarning: setup.py install is deprecated. Use build and pip and other standards-based tools.
[6.811s]   warnings.warn(
[6.981s] /usr/lib/python3/dist-packages/pkg_resources/__init__.py:116: PkgResourcesDeprecationWarning: 0.4.1. is an invalid version and will not be supported in a future release
[6.981s]   warnings.warn(
[8.050s] running egg_info
[8.050s] writing game.egg-info/PKG-INFO
[8.052s] writing dependency_links to game.egg-info/dependency_links.txt
[8.053s] writing entry points to game.egg-info/entry_points.txt
[8.053s] writing requirements to game.egg-info/requires.txt
[8.054s] writing top-level names to game.egg-info/top_level.txt
[8.062s] reading manifest file 'game.egg-info/SOURCES.txt'
[8.066s] writing manifest file 'game.egg-info/SOURCES.txt'
[8.073s] running build_ext
[8.074s] Creating /home/diyazen/hashika_ws/install/game/lib/python3.10/site-packages/game.egg-link (link to .)
[8.077s] Installing aruco_detection script to /home/diyazen/hashika_ws/install/game/lib/game
[8.078s] Installing movements script to /home/diyazen/hashika_ws/install/game/lib/game
[8.080s] 
[8.081s] Installed /home/diyazen/hashika_ws/build/game
[8.081s] running install_data
[8.082s] copying package.xml -> /home/diyazen/hashika_ws/install/game/share/game
[8.271s] Invoked command in '/home/diyazen/hashika_ws/build/game' returned '0': PYTHONPATH=/home/diyazen/hashika_ws/build/game/prefix_override:/home/diyazen/hashika_ws/install/game/lib/python3.10/site-packages:${PYTHONPATH} /usr/bin/python3 setup.py develop --editable --build-directory /home/diyazen/hashika_ws/build/game/build --no-deps install_data
