running develop
/usr/lib/python3/dist-packages/setuptools/command/easy_install.py:158: EasyInstallDeprecationWarning: easy_install command is deprecated. Use build and pip and other standards-based tools.
  warnings.warn(
/usr/lib/python3/dist-packages/setuptools/command/install.py:34: SetuptoolsDeprecationWarning: setup.py install is deprecated. Use build and pip and other standards-based tools.
  warnings.warn(
/usr/lib/python3/dist-packages/pkg_resources/__init__.py:116: PkgResourcesDeprecationWarning: 0.4.1. is an invalid version and will not be supported in a future release
  warnings.warn(
running egg_info
writing game.egg-info/PKG-INFO
writing dependency_links to game.egg-info/dependency_links.txt
writing entry points to game.egg-info/entry_points.txt
writing requirements to game.egg-info/requires.txt
writing top-level names to game.egg-info/top_level.txt
reading manifest file 'game.egg-info/SOURCES.txt'
writing manifest file 'game.egg-info/SOURCES.txt'
running build_ext
Creating /home/diyazen/hashika_ws/install/game/lib/python3.10/site-packages/game.egg-link (link to .)
Installing aruco_detection script to /home/diyazen/hashika_ws/install/game/lib/game
Installing movements script to /home/diyazen/hashika_ws/install/game/lib/game

Installed /home/diyazen/hashika_ws/build/game
running install_data
copying launch/run.launch.py -> /home/diyazen/hashika_ws/install/game/share/game/launch
