[5.422s] DEBUG:colcon:Command line arguments: ['/usr/bin/colcon', 'build', '--symlink-install']
[5.422s] DEBUG:colcon:Parsed command line arguments: Namespace(log_base=None, log_level=None, verb_name='build', build_base='build', install_base='install', merge_install=False, symlink_install=True, test_result_base=None, continue_on_error=False, executor='parallel', parallel_workers=4, event_handlers=None, ignore_user_meta=False, metas=['./colcon.meta'], base_paths=['.'], packages_ignore=None, packages_ignore_regex=None, paths=None, packages_up_to=None, packages_up_to_regex=None, packages_above=None, packages_above_and_dependencies=None, packages_above_depth=None, packages_select_by_dep=None, packages_skip_by_dep=None, packages_skip_up_to=None, packages_select_build_failed=False, packages_skip_build_finished=False, packages_select_test_failures=False, packages_skip_test_passed=False, packages_select=None, packages_skip=None, packages_select_regex=None, packages_skip_regex=None, packages_start=None, packages_end=None, allow_overriding=[], cmake_args=None, cmake_target=None, cmake_target_skip_unavailable=False, cmake_clean_cache=False, cmake_clean_first=False, cmake_force_configure=False, ament_cmake_args=None, catkin_cmake_args=None, catkin_skip_building_tests=False, verb_parser=<colcon_defaults.argument_parser.defaults.DefaultArgumentsDecorator object at 0xffffbbbc0820>, verb_extension=<colcon_core.verb.build.BuildVerb object at 0xffffbc0aace0>, main=<bound method BuildVerb.main of <colcon_core.verb.build.BuildVerb object at 0xffffbc0aace0>>)
[5.726s] Level 1:colcon.colcon_core.package_discovery:discover_packages(colcon_meta) check parameters
[5.726s] Level 1:colcon.colcon_core.package_discovery:discover_packages(recursive) check parameters
[5.727s] Level 1:colcon.colcon_core.package_discovery:discover_packages(ignore) check parameters
[5.727s] Level 1:colcon.colcon_core.package_discovery:discover_packages(path) check parameters
[5.727s] Level 1:colcon.colcon_core.package_discovery:discover_packages(colcon_meta) discover
[5.727s] Level 1:colcon.colcon_core.package_discovery:discover_packages(recursive) discover
[5.727s] INFO:colcon.colcon_core.package_discovery:Crawling recursively for packages in '/home/diyazen/hashika_ws'
[5.728s] Level 1:colcon.colcon_core.package_identification:_identify(.) by extensions ['ignore', 'ignore_ament_install']
[5.728s] Level 1:colcon.colcon_core.package_identification:_identify(.) by extension 'ignore'
[5.728s] Level 1:colcon.colcon_core.package_identification:_identify(.) by extension 'ignore_ament_install'
[5.729s] Level 1:colcon.colcon_core.package_identification:_identify(.) by extensions ['colcon_pkg']
[5.729s] Level 1:colcon.colcon_core.package_identification:_identify(.) by extension 'colcon_pkg'
[5.729s] Level 1:colcon.colcon_core.package_identification:_identify(.) by extensions ['colcon_meta']
[5.729s] Level 1:colcon.colcon_core.package_identification:_identify(.) by extension 'colcon_meta'
[5.729s] Level 1:colcon.colcon_core.package_identification:_identify(.) by extensions ['ros']
[5.729s] Level 1:colcon.colcon_core.package_identification:_identify(.) by extension 'ros'
[5.776s] Level 1:colcon.colcon_core.package_identification:_identify(.) by extensions ['cmake', 'python']
[5.777s] Level 1:colcon.colcon_core.package_identification:_identify(.) by extension 'cmake'
[5.777s] Level 1:colcon.colcon_core.package_identification:_identify(.) by extension 'python'
[5.777s] Level 1:colcon.colcon_core.package_identification:_identify(.) by extensions ['python_setup_py']
[5.777s] Level 1:colcon.colcon_core.package_identification:_identify(.) by extension 'python_setup_py'
[5.778s] Level 1:colcon.colcon_core.package_identification:_identify(build) by extensions ['ignore', 'ignore_ament_install']
[5.778s] Level 1:colcon.colcon_core.package_identification:_identify(build) by extension 'ignore'
[5.778s] Level 1:colcon.colcon_core.package_identification:_identify(build) ignored
[5.779s] Level 1:colcon.colcon_core.package_identification:_identify(install) by extensions ['ignore', 'ignore_ament_install']
[5.780s] Level 1:colcon.colcon_core.package_identification:_identify(install) by extension 'ignore'
[5.780s] Level 1:colcon.colcon_core.package_identification:_identify(install) ignored
[5.780s] Level 1:colcon.colcon_core.package_identification:_identify(log) by extensions ['ignore', 'ignore_ament_install']
[5.781s] Level 1:colcon.colcon_core.package_identification:_identify(log) by extension 'ignore'
[5.781s] Level 1:colcon.colcon_core.package_identification:_identify(log) ignored
[5.781s] Level 1:colcon.colcon_core.package_identification:_identify(src) by extensions ['ignore', 'ignore_ament_install']
[5.782s] Level 1:colcon.colcon_core.package_identification:_identify(src) by extension 'ignore'
[5.782s] Level 1:colcon.colcon_core.package_identification:_identify(src) by extension 'ignore_ament_install'
[5.782s] Level 1:colcon.colcon_core.package_identification:_identify(src) by extensions ['colcon_pkg']
[5.782s] Level 1:colcon.colcon_core.package_identification:_identify(src) by extension 'colcon_pkg'
[5.782s] Level 1:colcon.colcon_core.package_identification:_identify(src) by extensions ['colcon_meta']
[5.783s] Level 1:colcon.colcon_core.package_identification:_identify(src) by extension 'colcon_meta'
[5.783s] Level 1:colcon.colcon_core.package_identification:_identify(src) by extensions ['ros']
[5.783s] Level 1:colcon.colcon_core.package_identification:_identify(src) by extension 'ros'
[5.783s] Level 1:colcon.colcon_core.package_identification:_identify(src) by extensions ['cmake', 'python']
[5.783s] Level 1:colcon.colcon_core.package_identification:_identify(src) by extension 'cmake'
[5.784s] Level 1:colcon.colcon_core.package_identification:_identify(src) by extension 'python'
[5.784s] Level 1:colcon.colcon_core.package_identification:_identify(src) by extensions ['python_setup_py']
[5.784s] Level 1:colcon.colcon_core.package_identification:_identify(src) by extension 'python_setup_py'
[5.785s] Level 1:colcon.colcon_core.package_identification:_identify(src/game) by extensions ['ignore', 'ignore_ament_install']
[5.785s] Level 1:colcon.colcon_core.package_identification:_identify(src/game) by extension 'ignore'
[5.785s] Level 1:colcon.colcon_core.package_identification:_identify(src/game) by extension 'ignore_ament_install'
[5.785s] Level 1:colcon.colcon_core.package_identification:_identify(src/game) by extensions ['colcon_pkg']
[5.786s] Level 1:colcon.colcon_core.package_identification:_identify(src/game) by extension 'colcon_pkg'
[5.786s] Level 1:colcon.colcon_core.package_identification:_identify(src/game) by extensions ['colcon_meta']
[5.786s] Level 1:colcon.colcon_core.package_identification:_identify(src/game) by extension 'colcon_meta'
[5.786s] Level 1:colcon.colcon_core.package_identification:_identify(src/game) by extensions ['ros']
[5.786s] Level 1:colcon.colcon_core.package_identification:_identify(src/game) by extension 'ros'
[5.799s] DEBUG:colcon.colcon_core.package_identification:Package 'src/game' with type 'ros.ament_python' and name 'game'
[5.799s] Level 1:colcon.colcon_core.package_discovery:discover_packages(recursive) using defaults
[5.800s] Level 1:colcon.colcon_core.package_discovery:discover_packages(ignore) discover
[5.800s] Level 1:colcon.colcon_core.package_discovery:discover_packages(ignore) using defaults
[5.800s] Level 1:colcon.colcon_core.package_discovery:discover_packages(path) discover
[5.800s] Level 1:colcon.colcon_core.package_discovery:discover_packages(path) using defaults
[6.288s] Level 1:colcon.colcon_core.package_discovery:discover_packages(prefix_path) check parameters
[6.288s] Level 1:colcon.colcon_core.package_discovery:discover_packages(prefix_path) discover
[6.447s] DEBUG:colcon.colcon_installed_package_information.package_discovery:Found 1 installed packages in /home/diyazen/hashika_ws/install
[6.520s] DEBUG:colcon.colcon_installed_package_information.package_discovery:Found 5 installed packages in /home/diyazen/upeksha_ws/install
[6.601s] DEBUG:colcon.colcon_installed_package_information.package_discovery:Found 324 installed packages in /opt/ros/humble
[6.609s] Level 1:colcon.colcon_core.package_discovery:discover_packages(prefix_path) using defaults
[7.104s] Level 5:colcon.colcon_core.verb:set package 'game' build argument 'cmake_args' from command line to 'None'
[7.104s] Level 5:colcon.colcon_core.verb:set package 'game' build argument 'cmake_target' from command line to 'None'
[7.104s] Level 5:colcon.colcon_core.verb:set package 'game' build argument 'cmake_target_skip_unavailable' from command line to 'False'
[7.104s] Level 5:colcon.colcon_core.verb:set package 'game' build argument 'cmake_clean_cache' from command line to 'False'
[7.104s] Level 5:colcon.colcon_core.verb:set package 'game' build argument 'cmake_clean_first' from command line to 'False'
[7.104s] Level 5:colcon.colcon_core.verb:set package 'game' build argument 'cmake_force_configure' from command line to 'False'
[7.104s] Level 5:colcon.colcon_core.verb:set package 'game' build argument 'ament_cmake_args' from command line to 'None'
[7.104s] Level 5:colcon.colcon_core.verb:set package 'game' build argument 'catkin_cmake_args' from command line to 'None'
[7.105s] Level 5:colcon.colcon_core.verb:set package 'game' build argument 'catkin_skip_building_tests' from command line to 'False'
[7.105s] DEBUG:colcon.colcon_core.verb:Building package 'game' with the following arguments: {'ament_cmake_args': None, 'build_base': '/home/diyazen/hashika_ws/build/game', 'catkin_cmake_args': None, 'catkin_skip_building_tests': False, 'cmake_args': None, 'cmake_clean_cache': False, 'cmake_clean_first': False, 'cmake_force_configure': False, 'cmake_target': None, 'cmake_target_skip_unavailable': False, 'install_base': '/home/diyazen/hashika_ws/install/game', 'merge_install': False, 'path': '/home/diyazen/hashika_ws/src/game', 'symlink_install': True, 'test_result_base': None}
[7.176s] INFO:colcon.colcon_core.executor:Executing jobs using 'parallel' executor
[7.253s] DEBUG:colcon.colcon_parallel_executor.executor.parallel:run_until_complete
[7.254s] INFO:colcon.colcon_ros.task.ament_python.build:Building ROS package in '/home/diyazen/hashika_ws/src/game' with build type 'ament_python'
[7.255s] Level 1:colcon.colcon_core.shell:create_environment_hook('game', 'ament_prefix_path')
[7.344s] INFO:colcon.colcon_core.plugin_system:Skipping extension 'colcon_core.shell.bat': Not used on non-Windows systems
[7.345s] INFO:colcon.colcon_core.shell:Creating environment hook '/home/diyazen/hashika_ws/install/game/share/game/hook/ament_prefix_path.ps1'
[7.349s] INFO:colcon.colcon_core.shell:Creating environment descriptor '/home/diyazen/hashika_ws/install/game/share/game/hook/ament_prefix_path.dsv'
[7.354s] INFO:colcon.colcon_core.shell:Creating environment hook '/home/diyazen/hashika_ws/install/game/share/game/hook/ament_prefix_path.sh'
[7.435s] INFO:colcon.colcon_core.shell:Skip shell extension 'powershell' for command environment: Not usable outside of PowerShell
[7.435s] DEBUG:colcon.colcon_core.shell:Skip shell extension 'dsv' for command environment
[9.036s] INFO:colcon.colcon_core.task.python.build:Building Python package in '/home/diyazen/hashika_ws/src/game'
[9.118s] INFO:colcon.colcon_core.shell:Skip shell extension 'powershell' for command environment: Not usable outside of PowerShell
[9.119s] DEBUG:colcon.colcon_core.shell:Skip shell extension 'dsv' for command environment
[11.139s] DEBUG:colcon.colcon_core.event_handler.log_command:Invoking command in '/home/diyazen/hashika_ws/build/game': PYTHONPATH=/home/diyazen/hashika_ws/build/game/prefix_override:/home/diyazen/hashika_ws/install/game/lib/python3.10/site-packages:${PYTHONPATH} /usr/bin/python3 setup.py develop --editable --build-directory /home/diyazen/hashika_ws/build/game/build --no-deps install_data
[13.459s] Level 1:colcon.colcon_core.shell:create_environment_hook('game', 'pythonpath_develop')
[13.460s] DEBUG:colcon.colcon_core.event_handler.log_command:Invoked command in '/home/diyazen/hashika_ws/build/game' returned '0': PYTHONPATH=/home/diyazen/hashika_ws/build/game/prefix_override:/home/diyazen/hashika_ws/install/game/lib/python3.10/site-packages:${PYTHONPATH} /usr/bin/python3 setup.py develop --editable --build-directory /home/diyazen/hashika_ws/build/game/build --no-deps install_data
[13.538s] INFO:colcon.colcon_core.shell:Creating environment hook '/home/diyazen/hashika_ws/build/game/share/game/hook/pythonpath_develop.ps1'
[13.540s] INFO:colcon.colcon_core.shell:Creating environment descriptor '/home/diyazen/hashika_ws/build/game/share/game/hook/pythonpath_develop.dsv'
[13.542s] INFO:colcon.colcon_core.shell:Creating environment hook '/home/diyazen/hashika_ws/build/game/share/game/hook/pythonpath_develop.sh'
[13.635s] Level 1:colcon.colcon_core.environment:checking '/home/diyazen/hashika_ws/install/game' for CMake module files
[13.638s] Level 1:colcon.colcon_core.environment:checking '/home/diyazen/hashika_ws/install/game' for CMake config files
[13.642s] Level 1:colcon.colcon_core.environment:checking '/home/diyazen/hashika_ws/install/game/lib'
[13.643s] Level 1:colcon.colcon_core.environment:checking '/home/diyazen/hashika_ws/install/game/bin'
[13.643s] Level 1:colcon.colcon_core.environment:checking '/home/diyazen/hashika_ws/install/game/lib/pkgconfig/game.pc'
[13.644s] Level 1:colcon.colcon_core.environment:checking '/home/diyazen/hashika_ws/install/game/lib/python3.10/site-packages'
[13.645s] Level 1:colcon.colcon_core.shell:create_environment_hook('game', 'pythonpath')
[13.720s] INFO:colcon.colcon_core.shell:Creating environment hook '/home/diyazen/hashika_ws/install/game/share/game/hook/pythonpath.ps1'
[13.723s] INFO:colcon.colcon_core.shell:Creating environment descriptor '/home/diyazen/hashika_ws/install/game/share/game/hook/pythonpath.dsv'
[13.724s] INFO:colcon.colcon_core.shell:Creating environment hook '/home/diyazen/hashika_ws/install/game/share/game/hook/pythonpath.sh'
[13.727s] Level 1:colcon.colcon_core.environment:checking '/home/diyazen/hashika_ws/install/game/bin'
[13.727s] Level 1:colcon.colcon_core.environment:create_environment_scripts_only(game)
[13.801s] INFO:colcon.colcon_core.shell:Creating package script '/home/diyazen/hashika_ws/install/game/share/game/package.ps1'
[13.806s] INFO:colcon.colcon_core.shell:Creating package descriptor '/home/diyazen/hashika_ws/install/game/share/game/package.dsv'
[13.811s] INFO:colcon.colcon_core.shell:Creating package script '/home/diyazen/hashika_ws/install/game/share/game/package.sh'
[13.816s] INFO:colcon.colcon_core.shell:Creating package script '/home/diyazen/hashika_ws/install/game/share/game/package.bash'
[13.821s] INFO:colcon.colcon_core.shell:Creating package script '/home/diyazen/hashika_ws/install/game/share/game/package.zsh'
[13.826s] Level 1:colcon.colcon_core.environment:create_file_with_runtime_dependencies(/home/diyazen/hashika_ws/install/game/share/colcon-core/packages/game)
[13.828s] DEBUG:colcon.colcon_parallel_executor.executor.parallel:closing loop
[13.829s] DEBUG:colcon.colcon_parallel_executor.executor.parallel:loop closed
[13.829s] DEBUG:colcon.colcon_parallel_executor.executor.parallel:run_until_complete finished with '0'
[13.830s] DEBUG:colcon.colcon_core.event_reactor:joining thread
[13.934s] INFO:colcon.colcon_core.plugin_system:Skipping extension 'colcon_notification.desktop_notification.terminal_notifier': Not used on non-Darwin systems
[13.935s] INFO:colcon.colcon_core.plugin_system:Skipping extension 'colcon_notification.desktop_notification.win32': Not used on non-Windows systems
[13.935s] INFO:colcon.colcon_notification.desktop_notification:Sending desktop notification using 'notify2'
[14.039s] DEBUG:colcon.colcon_core.event_reactor:joined thread
[14.149s] INFO:colcon.colcon_core.shell:Creating prefix script '/home/diyazen/hashika_ws/install/local_setup.ps1'
[14.154s] INFO:colcon.colcon_core.shell:Creating prefix util module '/home/diyazen/hashika_ws/install/_local_setup_util_ps1.py'
[14.161s] INFO:colcon.colcon_core.shell:Creating prefix chain script '/home/diyazen/hashika_ws/install/setup.ps1'
[14.245s] INFO:colcon.colcon_core.shell:Creating prefix script '/home/diyazen/hashika_ws/install/local_setup.sh'
[14.251s] INFO:colcon.colcon_core.shell:Creating prefix util module '/home/diyazen/hashika_ws/install/_local_setup_util_sh.py'
[14.254s] INFO:colcon.colcon_core.shell:Creating prefix chain script '/home/diyazen/hashika_ws/install/setup.sh'
[14.337s] INFO:colcon.colcon_core.shell:Creating prefix script '/home/diyazen/hashika_ws/install/local_setup.bash'
[14.340s] INFO:colcon.colcon_core.shell:Creating prefix chain script '/home/diyazen/hashika_ws/install/setup.bash'
[14.422s] INFO:colcon.colcon_core.shell:Creating prefix script '/home/diyazen/hashika_ws/install/local_setup.zsh'
[14.426s] INFO:colcon.colcon_core.shell:Creating prefix chain script '/home/diyazen/hashika_ws/install/setup.zsh'
