-- Found ament_cmake: 1.3.7 (/opt/ros/humble/share/ament_cmake/cmake)
-- Override CMake install command with custom implementation using symlinks instead of copying resources
-- Found rclpy: 3.3.11 (/opt/ros/humble/share/rclpy/cmake)
-- Found ament_lint_auto: 0.12.10 (/opt/ros/humble/share/ament_lint_auto/cmake)
-- Added test 'flake8' to check Python code syntax and style conventions
-- Added test 'lint_cmake' to check CMake code style
-- Added test 'pep257' to check Python code against some of the docstring style conventions in PEP 257
-- Added test 'xmllint' to check XML markup files
-- Configuring done
-- Generating done
-- Build files have been written to: /home/diyazen/hashika_ws/build/run_game
-- Install configuration: ""
-- Execute custom install script
-- Symlinking: /home/diyazen/hashika_ws/install/run_game/share/run_game/launch/run.launch.py
-- Symlinking: /home/diyazen/hashika_ws/install/run_game/share/ament_index/resource_index/package_run_dependencies/run_game
-- Symlinking: /home/diyazen/hashika_ws/install/run_game/share/ament_index/resource_index/parent_prefix_path/run_game
-- Symlinking: /home/diyazen/hashika_ws/install/run_game/share/run_game/environment/ament_prefix_path.sh
-- Symlinking: /home/diyazen/hashika_ws/install/run_game/share/run_game/environment/ament_prefix_path.dsv
-- Symlinking: /home/diyazen/hashika_ws/install/run_game/share/run_game/environment/path.sh
-- Symlinking: /home/diyazen/hashika_ws/install/run_game/share/run_game/environment/path.dsv
-- Symlinking: /home/diyazen/hashika_ws/install/run_game/share/run_game/local_setup.bash
-- Symlinking: /home/diyazen/hashika_ws/install/run_game/share/run_game/local_setup.sh
-- Symlinking: /home/diyazen/hashika_ws/install/run_game/share/run_game/local_setup.zsh
-- Symlinking: /home/diyazen/hashika_ws/install/run_game/share/run_game/local_setup.dsv
-- Symlinking: /home/diyazen/hashika_ws/install/run_game/share/run_game/package.dsv
-- Symlinking: /home/diyazen/hashika_ws/install/run_game/share/ament_index/resource_index/packages/run_game
-- Symlinking: /home/diyazen/hashika_ws/install/run_game/share/run_game/cmake/run_gameConfig.cmake
-- Symlinking: /home/diyazen/hashika_ws/install/run_game/share/run_game/cmake/run_gameConfig-version.cmake
-- Symlinking: /home/diyazen/hashika_ws/install/run_game/share/run_game/package.xml
